{"meta": {"format": 3, "version": "7.12.0", "timestamp": "2025-12-01T13:18:39.680576", "branch_coverage": false, "show_contexts": false}, "files": {"src/auto_coder/__init__.py": {"executed_lines": [], "summary": {"covered_lines": 0, "num_statements": 8, "percent_covered": 0.0, "percent_covered_display": "0", "missing_lines": 8, "excluded_lines": 10, "percent_statements_covered": 0.0, "percent_statements_covered_display": "0"}, "missing_lines": [5, 6, 7, 10, 13, 23, 24, 39], "excluded_lines": [25, 26, 27, 29, 30, 32, 33, 34, 36, 37], "functions": {"": {"executed_lines": [], "summary": {"covered_lines": 0, "num_statements": 8, "percent_covered": 0.0, "percent_covered_display": "0", "missing_lines": 8, "excluded_lines": 10, "percent_statements_covered": 0.0, "percent_statements_covered_display": "0"}, "missing_lines": [5, 6, 7, 10, 13, 23, 24, 39], "excluded_lines": [25, 26, 27, 29, 30, 32, 33, 34, 36, 37]}}, "classes": {"": {"executed_lines": [], "summary": {"covered_lines": 0, "num_statements": 8, "percent_covered": 0.0, "percent_covered_display": "0", "missing_lines": 8, "excluded_lines": 10, "percent_statements_covered": 0.0, "percent_statements_covered_display": "0"}, "missing_lines": [5, 6, 7, 10, 13, 23, 24, 39], "excluded_lines": [25, 26, 27, 29, 30, 32, 33, 34, 36, 37]}}}, "src/auto_coder/attempt_manager.py": {"executed_lines": [], "summary": {"covered_lines": 0, "num_statements": 156, "percent_covered": 0.0, "percent_covered_display": "0", "missing_lines": 156, "excluded_lines": 0, "percent_statements_covered": 0.0, "percent_statements_covered_display": "0"}, "missing_lines": [8, 9, 10, 11, 13, 15, 18, 19, 24, 25, 31, 32, 35, 36, 48, 49, 50, 51, 52, 53, 55, 61, 66, 67, 68, 69, 70, 71, 72, 74, 75, 84, 93, 99, 102, 104, 105, 106, 107, 108, 109, 110, 111, 112, 113, 114, 117, 123, 124, 126, 127, 128, 129, 130, 131, 133, 134, 135, 136, 137, 138, 139, 142, 152, 153, 154, 155, 157, 158, 159, 160, 162, 163, 164, 166, 167, 169, 173, 174, 175, 178, 187, 188, 189, 190, 191, 192, 193, 196, 197, 200, 213, 214, 217, 226, 227, 228, 231, 241, 244, 253, 254, 255, 256, 259, 272, 274, 275, 276, 277, 280, 282, 283, 284, 285, 286, 287, 288, 289, 297, 298, 299, 301, 303, 304, 306, 307, 308, 311, 325, 327, 329, 330, 333, 336, 337, 339, 342, 343, 344, 346, 347, 349, 350, 353, 354, 355, 356, 359, 361, 362, 364, 366, 368, 369, 370], "excluded_lines": [], "functions": {"AttemptInfo.to_dict": {"executed_lines": [], "summary": {"covered_lines": 0, "num_statements": 8, "percent_covered": 0.0, "percent_covered_display": "0", "missing_lines": 8, "excluded_lines": 0, "percent_statements_covered": 0.0, "percent_statements_covered_display": "0"}, "missing_lines": [61, 66, 67, 68, 69, 70, 71, 72], "excluded_lines": []}, "AttemptInfo.from_dict": {"executed_lines": [], "summary": {"covered_lines": 0, "num_statements": 1, "percent_covered": 0.0, "percent_covered_display": "0", "missing_lines": 1, "excluded_lines": 0, "percent_statements_covered": 0.0, "percent_statements_covered_display": "0"}, "missing_lines": [84], "excluded_lines": []}, "AttemptInfo.format_comment": {"executed_lines": [], "summary": {"covered_lines": 0, "num_statements": 1, "percent_covered": 0.0, "percent_covered_display": "0", "missing_lines": 1, "excluded_lines": 0, "percent_statements_covered": 0.0, "percent_statements_covered_display": "0"}, "missing_lines": [99], "excluded_lines": []}, "_coerce_timestamp": {"executed_lines": [], "summary": {"covered_lines": 0, "num_statements": 11, "percent_covered": 0.0, "percent_covered_display": "0", "missing_lines": 11, "excluded_lines": 0, "percent_statements_covered": 0.0, "percent_statements_covered_display": "0"}, "missing_lines": [104, 105, 106, 107, 108, 109, 110, 111, 112, 113, 114], "excluded_lines": []}, "extract_attempt_number": {"executed_lines": [], "summary": {"covered_lines": 0, "num_statements": 15, "percent_covered": 0.0, "percent_covered_display": "0", "missing_lines": 15, "excluded_lines": 0, "percent_statements_covered": 0.0, "percent_statements_covered_display": "0"}, "missing_lines": [123, 124, 126, 127, 128, 129, 130, 131, 133, 134, 135, 136, 137, 138, 139], "excluded_lines": []}, "parse_attempt_from_comment": {"executed_lines": [], "summary": {"covered_lines": 0, "num_statements": 17, "percent_covered": 0.0, "percent_covered_display": "0", "missing_lines": 17, "excluded_lines": 0, "percent_statements_covered": 0.0, "percent_statements_covered_display": "0"}, "missing_lines": [152, 153, 154, 155, 157, 158, 159, 160, 162, 163, 164, 166, 167, 169, 173, 174, 175], "excluded_lines": []}, "extract_attempts_from_comments": {"executed_lines": [], "summary": {"covered_lines": 0, "num_statements": 9, "percent_covered": 0.0, "percent_covered_display": "0", "missing_lines": 9, "excluded_lines": 0, "percent_statements_covered": 0.0, "percent_statements_covered_display": "0"}, "missing_lines": [187, 188, 189, 190, 191, 192, 193, 196, 197], "excluded_lines": []}, "format_attempt_comment": {"executed_lines": [], "summary": {"covered_lines": 0, "num_statements": 2, "percent_covered": 0.0, "percent_covered_display": "0", "missing_lines": 2, "excluded_lines": 0, "percent_statements_covered": 0.0, "percent_statements_covered_display": "0"}, "missing_lines": [213, 214], "excluded_lines": []}, "get_latest_attempt": {"executed_lines": [], "summary": {"covered_lines": 0, "num_statements": 3, "percent_covered": 0.0, "percent_covered_display": "0", "missing_lines": 3, "excluded_lines": 0, "percent_statements_covered": 0.0, "percent_statements_covered_display": "0"}, "missing_lines": [226, 227, 228], "excluded_lines": []}, "filter_attempts_by_status": {"executed_lines": [], "summary": {"covered_lines": 0, "num_statements": 1, "percent_covered": 0.0, "percent_covered_display": "0", "missing_lines": 1, "excluded_lines": 0, "percent_statements_covered": 0.0, "percent_statements_covered_display": "0"}, "missing_lines": [241], "excluded_lines": []}, "group_attempts_by_status": {"executed_lines": [], "summary": {"covered_lines": 0, "num_statements": 4, "percent_covered": 0.0, "percent_covered_display": "0", "missing_lines": 4, "excluded_lines": 0, "percent_statements_covered": 0.0, "percent_statements_covered_display": "0"}, "missing_lines": [253, 254, 255, 256], "excluded_lines": []}, "get_current_attempt": {"executed_lines": [], "summary": {"covered_lines": 0, "num_statements": 23, "percent_covered": 0.0, "percent_covered_display": "0", "missing_lines": 23, "excluded_lines": 0, "percent_statements_covered": 0.0, "percent_statements_covered_display": "0"}, "missing_lines": [272, 274, 275, 276, 277, 280, 282, 283, 284, 285, 286, 287, 288, 289, 297, 298, 299, 301, 303, 304, 306, 307, 308], "excluded_lines": []}, "increment_attempt": {"executed_lines": [], "summary": {"covered_lines": 0, "num_statements": 27, "percent_covered": 0.0, "percent_covered_display": "0", "missing_lines": 27, "excluded_lines": 0, "percent_statements_covered": 0.0, "percent_statements_covered_display": "0"}, "missing_lines": [325, 327, 329, 330, 333, 336, 337, 339, 342, 343, 344, 346, 347, 349, 350, 353, 354, 355, 356, 359, 361, 362, 364, 366, 368, 369, 370], "excluded_lines": []}, "": {"executed_lines": [], "summary": {"covered_lines": 0, "num_statements": 34, "percent_covered": 0.0, "percent_covered_display": "0", "missing_lines": 34, "excluded_lines": 0, "percent_statements_covered": 0.0, "percent_statements_covered_display": "0"}, "missing_lines": [8, 9, 10, 11, 13, 15, 18, 19, 24, 25, 31, 32, 35, 36, 48, 49, 50, 51, 52, 53, 55, 74, 75, 93, 102, 117, 142, 178, 200, 217, 231, 244, 259, 311], "excluded_lines": []}}, "classes": {"AttemptInfo": {"executed_lines": [], "summary": {"covered_lines": 0, "num_statements": 10, "percent_covered": 0.0, "percent_covered_display": "0", "missing_lines": 10, "excluded_lines": 0, "percent_statements_covered": 0.0, "percent_statements_covered_display": "0"}, "missing_lines": [61, 66, 67, 68, 69, 70, 71, 72, 84, 99], "excluded_lines": []}, "": {"executed_lines": [], "summary": {"covered_lines": 0, "num_statements": 146, "percent_covered": 0.0, "percent_covered_display": "0", "missing_lines": 146, "excluded_lines": 0, "percent_statements_covered": 0.0, "percent_statements_covered_display": "0"}, "missing_lines": [8, 9, 10, 11, 13, 15, 18, 19, 24, 25, 31, 32, 35, 36, 48, 49, 50, 51, 52, 53, 55, 74, 75, 93, 102, 104, 105, 106, 107, 108, 109, 110, 111, 112, 113, 114, 117, 123, 124, 126, 127, 128, 129, 130, 131, 133, 134, 135, 136, 137, 138, 139, 142, 152, 153, 154, 155, 157, 158, 159, 160, 162, 163, 164, 166, 167, 169, 173, 174, 175, 178, 187, 188, 189, 190, 191, 192, 193, 196, 197, 200, 213, 214, 217, 226, 227, 228, 231, 241, 244, 253, 254, 255, 256, 259, 272, 274, 275, 276, 277, 280, 282, 283, 284, 285, 286, 287, 288, 289, 297, 298, 299, 301, 303, 304, 306, 307, 308, 311, 325, 327, 329, 330, 333, 336, 337, 339, 342, 343, 344, 346, 347, 349, 350, 353, 354, 355, 356, 359, 361, 362, 364, 366, 368, 369, 370], "excluded_lines": []}}}, "src/auto_coder/auggie_client.py": {"executed_lines": [], "summary": {"covered_lines": 0, "num_statements": 159, "percent_covered": 0.0, "percent_covered_display": "0", "missing_lines": 159, "excluded_lines": 8, "percent_statements_covered": 0.0, "percent_statements_covered_display": "0"}, "missing_lines": [11, 13, 14, 15, 16, 17, 18, 20, 21, 22, 23, 25, 28, 29, 30, 33, 36, 38, 39, 40, 42, 43, 44, 46, 48, 50, 52, 53, 55, 57, 59, 61, 62, 63, 64, 65, 66, 69, 70, 71, 72, 76, 78, 80, 82, 84, 87, 88, 89, 91, 92, 93, 95, 98, 99, 101, 102, 103, 104, 106, 107, 108, 109, 110, 111, 121, 122, 124, 127, 128, 129, 130, 131, 135, 138, 139, 141, 142, 144, 145, 146, 147, 149, 150, 151, 152, 154, 156, 158, 160, 161, 162, 169, 171, 172, 173, 175, 177, 178, 179, 180, 182, 183, 192, 193, 194, 195, 196, 197, 198, 199, 201, 202, 203, 204, 207, 208, 211, 213, 214, 215, 216, 217, 218, 219, 220, 221, 222, 223, 225, 234, 236, 245, 246, 252, 253, 254, 255, 256, 257, 258, 260, 261, 262, 263, 264, 266, 277, 280, 281, 293, 300, 301, 302, 304, 305, 306, 307, 308], "excluded_lines": [73, 74, 112, 113, 118, 119, 132, 133], "functions": {"AuggieClient.__init__": {"executed_lines": [], "summary": {"covered_lines": 0, "num_statements": 23, "percent_covered": 0.0, "percent_covered_display": "0", "missing_lines": 23, "excluded_lines": 2, "percent_statements_covered": 0.0, "percent_statements_covered_display": "0"}, "missing_lines": [39, 40, 42, 43, 44, 46, 48, 50, 52, 53, 55, 57, 59, 61, 62, 63, 64, 65, 66, 69, 70, 71, 72], "excluded_lines": [73, 74]}, "AuggieClient.switch_to_conflict_model": {"executed_lines": [], "summary": {"covered_lines": 0, "num_statements": 1, "percent_covered": 0.0, "percent_covered_display": "0", "missing_lines": 1, "excluded_lines": 0, "percent_statements_covered": 0.0, "percent_statements_covered_display": "0"}, "missing_lines": [78], "excluded_lines": []}, "AuggieClient.switch_to_default_model": {"executed_lines": [], "summary": {"covered_lines": 0, "num_statements": 1, "percent_covered": 0.0, "percent_covered_display": "0", "missing_lines": 1, "excluded_lines": 0, "percent_statements_covered": 0.0, "percent_statements_covered_display": "0"}, "missing_lines": [82], "excluded_lines": []}, "AuggieClient._compute_usage_state_path": {"executed_lines": [], "summary": {"covered_lines": 0, "num_statements": 3, "percent_covered": 0.0, "percent_covered_display": "0", "missing_lines": 3, "excluded_lines": 0, "percent_statements_covered": 0.0, "percent_statements_covered_display": "0"}, "missing_lines": [87, 88, 89], "excluded_lines": []}, "AuggieClient._update_usage_cache": {"executed_lines": [], "summary": {"covered_lines": 0, "num_statements": 2, "percent_covered": 0.0, "percent_covered_display": "0", "missing_lines": 2, "excluded_lines": 0, "percent_statements_covered": 0.0, "percent_statements_covered_display": "0"}, "missing_lines": [92, 93], "excluded_lines": []}, "AuggieClient._load_usage_state": {"executed_lines": [], "summary": {"covered_lines": 0, "num_statements": 14, "percent_covered": 0.0, "percent_covered_display": "0", "missing_lines": 14, "excluded_lines": 4, "percent_statements_covered": 0.0, "percent_statements_covered_display": "0"}, "missing_lines": [98, 99, 101, 102, 103, 104, 106, 107, 108, 109, 110, 111, 121, 122], "excluded_lines": [112, 113, 118, 119]}, "AuggieClient._persist_usage_state": {"executed_lines": [], "summary": {"covered_lines": 0, "num_statements": 5, "percent_covered": 0.0, "percent_covered_display": "0", "missing_lines": 5, "excluded_lines": 2, "percent_statements_covered": 0.0, "percent_statements_covered_display": "0"}, "missing_lines": [127, 128, 129, 130, 131], "excluded_lines": [132, 133]}, "AuggieClient._check_and_increment_usage": {"executed_lines": [], "summary": {"covered_lines": 0, "num_statements": 12, "percent_covered": 0.0, "percent_covered_display": "0", "missing_lines": 12, "excluded_lines": 0, "percent_statements_covered": 0.0, "percent_statements_covered_display": "0"}, "missing_lines": [138, 139, 141, 142, 144, 145, 146, 147, 149, 150, 151, 152], "excluded_lines": []}, "AuggieClient._escape_prompt": {"executed_lines": [], "summary": {"covered_lines": 0, "num_statements": 1, "percent_covered": 0.0, "percent_covered_display": "0", "missing_lines": 1, "excluded_lines": 0, "percent_statements_covered": 0.0, "percent_statements_covered_display": "0"}, "missing_lines": [156], "excluded_lines": []}, "AuggieClient._run_auggie_cli": {"executed_lines": [], "summary": {"covered_lines": 0, "num_statements": 40, "percent_covered": 0.0, "percent_covered_display": "0", "missing_lines": 40, "excluded_lines": 0, "percent_statements_covered": 0.0, "percent_statements_covered_display": "0"}, "missing_lines": [160, 161, 162, 169, 171, 172, 173, 175, 177, 178, 179, 180, 182, 183, 192, 193, 194, 195, 196, 197, 198, 199, 201, 202, 203, 204, 207, 208, 211, 213, 214, 215, 216, 217, 218, 219, 220, 221, 222, 223], "excluded_lines": []}, "AuggieClient._run_llm_cli": {"executed_lines": [], "summary": {"covered_lines": 0, "num_statements": 1, "percent_covered": 0.0, "percent_covered_display": "0", "missing_lines": 1, "excluded_lines": 0, "percent_statements_covered": 0.0, "percent_statements_covered_display": "0"}, "missing_lines": [234], "excluded_lines": []}, "AuggieClient.check_mcp_server_configured": {"executed_lines": [], "summary": {"covered_lines": 0, "num_statements": 14, "percent_covered": 0.0, "percent_covered_display": "0", "missing_lines": 14, "excluded_lines": 0, "percent_statements_covered": 0.0, "percent_statements_covered_display": "0"}, "missing_lines": [245, 246, 252, 253, 254, 255, 256, 257, 258, 260, 261, 262, 263, 264], "excluded_lines": []}, "AuggieClient.add_mcp_server_config": {"executed_lines": [], "summary": {"covered_lines": 0, "num_statements": 12, "percent_covered": 0.0, "percent_covered_display": "0", "missing_lines": 12, "excluded_lines": 0, "percent_statements_covered": 0.0, "percent_statements_covered_display": "0"}, "missing_lines": [277, 280, 281, 293, 300, 301, 302, 304, 305, 306, 307, 308], "excluded_lines": []}, "": {"executed_lines": [], "summary": {"covered_lines": 0, "num_statements": 30, "percent_covered": 0.0, "percent_covered_display": "0", "missing_lines": 30, "excluded_lines": 0, "percent_statements_covered": 0.0, "percent_statements_covered_display": "0"}, "missing_lines": [11, 13, 14, 15, 16, 17, 18, 20, 21, 22, 23, 25, 28, 29, 30, 33, 36, 38, 76, 80, 84, 91, 95, 124, 135, 154, 158, 225, 236, 266], "excluded_lines": []}}, "classes": {"AuggieClient": {"executed_lines": [], "summary": {"covered_lines": 0, "num_statements": 129, "percent_covered": 0.0, "percent_covered_display": "0", "missing_lines": 129, "excluded_lines": 8, "percent_statements_covered": 0.0, "percent_statements_covered_display": "0"}, "missing_lines": [39, 40, 42, 43, 44, 46, 48, 50, 52, 53, 55, 57, 59, 61, 62, 63, 64, 65, 66, 69, 70, 71, 72, 78, 82, 87, 88, 89, 92, 93, 98, 99, 101, 102, 103, 104, 106, 107, 108, 109, 110, 111, 121, 122, 127, 128, 129, 130, 131, 138, 139, 141, 142, 144, 145, 146, 147, 149, 150, 151, 152, 156, 160, 161, 162, 169, 171, 172, 173, 175, 177, 178, 179, 180, 182, 183, 192, 193, 194, 195, 196, 197, 198, 199, 201, 202, 203, 204, 207, 208, 211, 213, 214, 215, 216, 217, 218, 219, 220, 221, 222, 223, 234, 245, 246, 252, 253, 254, 255, 256, 257, 258, 260, 261, 262, 263, 264, 277, 280, 281, 293, 300, 301, 302, 304, 305, 306, 307, 308], "excluded_lines": [73, 74, 112, 113, 118, 119, 132, 133]}, "": {"executed_lines": [], "summary": {"covered_lines": 0, "num_statements": 30, "percent_covered": 0.0, "percent_covered_display": "0", "missing_lines": 30, "excluded_lines": 0, "percent_statements_covered": 0.0, "percent_statements_covered_display": "0"}, "missing_lines": [11, 13, 14, 15, 16, 17, 18, 20, 21, 22, 23, 25, 28, 29, 30, 33, 36, 38, 76, 80, 84, 91, 95, 124, 135, 154, 158, 225, 236, 266], "excluded_lines": []}}}, "src/auto_coder/auth_utils.py": {"executed_lines": [], "summary": {"covered_lines": 0, "num_statements": 110, "percent_covered": 0.0, "percent_covered_display": "0", "missing_lines": 110, "excluded_lines": 0, "percent_statements_covered": 0.0, "percent_statements_covered_display": "0"}, "missing_lines": [5, 6, 7, 8, 9, 11, 13, 14, 16, 19, 30, 31, 32, 33, 36, 37, 38, 44, 45, 46, 47, 48, 49, 54, 57, 58, 59, 60, 61, 63, 64, 65, 66, 67, 68, 69, 71, 72, 75, 86, 87, 88, 89, 92, 94, 100, 101, 102, 103, 104, 105, 110, 113, 114, 115, 117, 118, 119, 120, 121, 122, 123, 124, 125, 126, 131, 134, 140, 141, 142, 143, 144, 147, 148, 149, 150, 151, 152, 153, 154, 155, 158, 159, 165, 166, 167, 168, 169, 170, 175, 177, 178, 181, 188, 189, 190, 196, 197, 198, 201, 208, 210, 211, 212, 215, 221, 223, 224, 227, 234], "excluded_lines": [], "functions": {"get_github_token": {"executed_lines": [], "summary": {"covered_lines": 0, "num_statements": 28, "percent_covered": 0.0, "percent_covered_display": "0", "missing_lines": 28, "excluded_lines": 0, "percent_statements_covered": 0.0, "percent_statements_covered_display": "0"}, "missing_lines": [30, 31, 32, 33, 36, 37, 38, 44, 45, 46, 47, 48, 49, 54, 57, 58, 59, 60, 61, 63, 64, 65, 66, 67, 68, 69, 71, 72], "excluded_lines": []}, "get_gemini_api_key": {"executed_lines": [], "summary": {"covered_lines": 0, "num_statements": 53, "percent_covered": 0.0, "percent_covered_display": "0", "missing_lines": 53, "excluded_lines": 0, "percent_statements_covered": 0.0, "percent_statements_covered_display": "0"}, "missing_lines": [86, 87, 88, 89, 92, 94, 100, 101, 102, 103, 104, 105, 110, 113, 114, 115, 117, 118, 119, 120, 121, 122, 123, 124, 125, 126, 131, 134, 140, 141, 142, 143, 144, 147, 148, 149, 150, 151, 152, 153, 154, 155, 158, 159, 165, 166, 167, 168, 169, 170, 175, 177, 178], "excluded_lines": []}, "check_gh_auth": {"executed_lines": [], "summary": {"covered_lines": 0, "num_statements": 6, "percent_covered": 0.0, "percent_covered_display": "0", "missing_lines": 6, "excluded_lines": 0, "percent_statements_covered": 0.0, "percent_statements_covered_display": "0"}, "missing_lines": [188, 189, 190, 196, 197, 198], "excluded_lines": []}, "check_gemini_auth": {"executed_lines": [], "summary": {"covered_lines": 0, "num_statements": 8, "percent_covered": 0.0, "percent_covered_display": "0", "missing_lines": 8, "excluded_lines": 0, "percent_statements_covered": 0.0, "percent_statements_covered_display": "0"}, "missing_lines": [208, 210, 211, 212, 215, 221, 223, 224], "excluded_lines": []}, "get_auth_status": {"executed_lines": [], "summary": {"covered_lines": 0, "num_statements": 1, "percent_covered": 0.0, "percent_covered_display": "0", "missing_lines": 1, "excluded_lines": 0, "percent_statements_covered": 0.0, "percent_statements_covered_display": "0"}, "missing_lines": [234], "excluded_lines": []}, "": {"executed_lines": [], "summary": {"covered_lines": 0, "num_statements": 14, "percent_covered": 0.0, "percent_covered_display": "0", "missing_lines": 14, "excluded_lines": 0, "percent_statements_covered": 0.0, "percent_statements_covered_display": "0"}, "missing_lines": [5, 6, 7, 8, 9, 11, 13, 14, 16, 19, 75, 181, 201, 227], "excluded_lines": []}}, "classes": {"": {"executed_lines": [], "summary": {"covered_lines": 0, "num_statements": 110, "percent_covered": 0.0, "percent_covered_display": "0", "missing_lines": 110, "excluded_lines": 0, "percent_statements_covered": 0.0, "percent_statements_covered_display": "0"}, "missing_lines": [5, 6, 7, 8, 9, 11, 13, 14, 16, 19, 30, 31, 32, 33, 36, 37, 38, 44, 45, 46, 47, 48, 49, 54, 57, 58, 59, 60, 61, 63, 64, 65, 66, 67, 68, 69, 71, 72, 75, 86, 87, 88, 89, 92, 94, 100, 101, 102, 103, 104, 105, 110, 113, 114, 115, 117, 118, 119, 120, 121, 122, 123, 124, 125, 126, 131, 134, 140, 141, 142, 143, 144, 147, 148, 149, 150, 151, 152, 153, 154, 155, 158, 159, 165, 166, 167, 168, 169, 170, 175, 177, 178, 181, 188, 189, 190, 196, 197, 198, 201, 208, 210, 211, 212, 215, 221, 223, 224, 227, 234], "excluded_lines": []}}}, "src/auto_coder/automation_config.py": {"executed_lines": [], "summary": {"covered_lines": 0, "num_statements": 181, "percent_covered": 0.0, "percent_covered_display": "0", "missing_lines": 181, "excluded_lines": 0, "percent_statements_covered": 0.0, "percent_statements_covered_display": "0"}, "missing_lines": [3, 4, 5, 6, 7, 9, 11, 14, 15, 19, 20, 24, 57, 85, 116, 133, 134, 135, 136, 139, 140, 141, 142, 143, 144, 145, 146, 147, 148, 149, 150, 151, 152, 153, 154, 155, 156, 157, 158, 159, 160, 161, 162, 174, 237, 266, 295, 324, 325, 327, 330, 332, 333, 336, 337, 339, 342, 343, 344, 345, 346, 347, 348, 350, 351, 352, 355, 356, 357, 358, 359, 360, 361, 363, 364, 365, 368, 369, 370, 371, 372, 374, 375, 376, 377, 379, 380, 381, 384, 385, 386, 387, 388, 389, 390, 392, 393, 394, 396, 402, 403, 404, 406, 412, 413, 415, 416, 419, 420, 421, 423, 433, 436, 437, 440, 441, 442, 443, 444, 447, 450, 457, 460, 464, 468, 472, 476, 482, 486, 491, 494, 495, 499, 503, 507, 510, 514, 527, 586, 592, 593, 596, 597, 598, 601, 602, 608, 609, 610, 611, 612, 613, 616, 617, 623, 624, 625, 626, 627, 628, 631, 632, 638, 639, 640, 641, 642, 645, 646, 652, 653, 654, 655, 656, 659, 660, 666, 667, 668, 669, 670], "excluded_lines": [], "functions": {"AutomationConfig.__init__": {"executed_lines": [], "summary": {"covered_lines": 0, "num_statements": 40, "percent_covered": 0.0, "percent_covered_display": "0", "missing_lines": 40, "excluded_lines": 0, "percent_statements_covered": 0.0, "percent_statements_covered_display": "0"}, "missing_lines": [133, 134, 135, 136, 139, 140, 141, 142, 143, 144, 145, 146, 147, 148, 149, 150, 151, 152, 153, 154, 155, 156, 157, 158, 159, 160, 161, 162, 174, 237, 266, 295, 324, 325, 327, 330, 332, 333, 336, 337], "excluded_lines": []}, "AutomationConfig._apply_env_overrides": {"executed_lines": [], "summary": {"covered_lines": 0, "num_statements": 42, "percent_covered": 0.0, "percent_covered_display": "0", "missing_lines": 42, "excluded_lines": 0, "percent_statements_covered": 0.0, "percent_statements_covered_display": "0"}, "missing_lines": [342, 343, 344, 345, 346, 347, 348, 350, 351, 352, 355, 356, 357, 358, 359, 360, 361, 363, 364, 365, 368, 369, 370, 371, 372, 374, 375, 376, 377, 379, 380, 381, 384, 385, 386, 387, 388, 389, 390, 392, 393, 394], "excluded_lines": []}, "AutomationConfig._merge_label_mappings": {"executed_lines": [], "summary": {"covered_lines": 0, "num_statements": 3, "percent_covered": 0.0, "percent_covered_display": "0", "missing_lines": 3, "excluded_lines": 0, "percent_statements_covered": 0.0, "percent_statements_covered_display": "0"}, "missing_lines": [402, 403, 404], "excluded_lines": []}, "AutomationConfig.validate_label_config": {"executed_lines": [], "summary": {"covered_lines": 0, "num_statements": 7, "percent_covered": 0.0, "percent_covered_display": "0", "missing_lines": 7, "excluded_lines": 0, "percent_statements_covered": 0.0, "percent_statements_covered_display": "0"}, "missing_lines": [412, 413, 415, 416, 419, 420, 421], "excluded_lines": []}, "AutomationConfig.get_reports_dir": {"executed_lines": [], "summary": {"covered_lines": 0, "num_statements": 3, "percent_covered": 0.0, "percent_covered_display": "0", "missing_lines": 3, "excluded_lines": 0, "percent_statements_covered": 0.0, "percent_statements_covered_display": "0"}, "missing_lines": [433, 436, 437], "excluded_lines": []}, "AutomationConfig.validate_pr_label_config": {"executed_lines": [], "summary": {"covered_lines": 0, "num_statements": 5, "percent_covered": 0.0, "percent_covered_display": "0", "missing_lines": 5, "excluded_lines": 0, "percent_statements_covered": 0.0, "percent_statements_covered_display": "0"}, "missing_lines": [592, 593, 596, 597, 598], "excluded_lines": []}, "": {"executed_lines": [], "summary": {"covered_lines": 0, "num_statements": 81, "percent_covered": 0.0, "percent_covered_display": "0", "missing_lines": 81, "excluded_lines": 0, "percent_statements_covered": 0.0, "percent_statements_covered_display": "0"}, "missing_lines": [3, 4, 5, 6, 7, 9, 11, 14, 15, 19, 20, 24, 57, 85, 116, 339, 396, 406, 423, 440, 441, 442, 443, 444, 447, 450, 457, 460, 464, 468, 472, 476, 482, 486, 491, 494, 495, 499, 503, 507, 510, 514, 527, 586, 601, 602, 608, 609, 610, 611, 612, 613, 616, 617, 623, 624, 625, 626, 627, 628, 631, 632, 638, 639, 640, 641, 642, 645, 646, 652, 653, 654, 655, 656, 659, 660, 666, 667, 668, 669, 670], "excluded_lines": []}}, "classes": {"AutomationConfig": {"executed_lines": [], "summary": {"covered_lines": 0, "num_statements": 100, "percent_covered": 0.0, "percent_covered_display": "0", "missing_lines": 100, "excluded_lines": 0, "percent_statements_covered": 0.0, "percent_statements_covered_display": "0"}, "missing_lines": [133, 134, 135, 136, 139, 140, 141, 142, 143, 144, 145, 146, 147, 148, 149, 150, 151, 152, 153, 154, 155, 156, 157, 158, 159, 160, 161, 162, 174, 237, 266, 295, 324, 325, 327, 330, 332, 333, 336, 337, 342, 343, 344, 345, 346, 347, 348, 350, 351, 352, 355, 356, 357, 358, 359, 360, 361, 363, 364, 365, 368, 369, 370, 371, 372, 374, 375, 376, 377, 379, 380, 381, 384, 385, 386, 387, 388, 389, 390, 392, 393, 394, 402, 403, 404, 412, 413, 415, 416, 419, 420, 421, 433, 436, 437, 592, 593, 596, 597, 598], "excluded_lines": []}, "Candidate": {"executed_lines": [], "summary": {"covered_lines": 0, "num_statements": 0, "percent_covered": 100.0, "percent_covered_display": "100", "missing_lines": 0, "excluded_lines": 0, "percent_statements_covered": 100.0, "percent_statements_covered_display": "100"}, "missing_lines": [], "excluded_lines": []}, "CandidateProcessingResult": {"executed_lines": [], "summary": {"covered_lines": 0, "num_statements": 0, "percent_covered": 100.0, "percent_covered_display": "100", "missing_lines": 0, "excluded_lines": 0, "percent_statements_covered": 100.0, "percent_statements_covered_display": "100"}, "missing_lines": [], "excluded_lines": []}, "ProcessedPRResult": {"executed_lines": [], "summary": {"covered_lines": 0, "num_statements": 0, "percent_covered": 100.0, "percent_covered_display": "100", "missing_lines": 0, "excluded_lines": 0, "percent_statements_covered": 100.0, "percent_statements_covered_display": "100"}, "missing_lines": [], "excluded_lines": []}, "ProcessedIssueResult": {"executed_lines": [], "summary": {"covered_lines": 0, "num_statements": 0, "percent_covered": 100.0, "percent_covered_display": "100", "missing_lines": 0, "excluded_lines": 0, "percent_statements_covered": 100.0, "percent_statements_covered_display": "100"}, "missing_lines": [], "excluded_lines": []}, "ProcessResult": {"executed_lines": [], "summary": {"covered_lines": 0, "num_statements": 0, "percent_covered": 100.0, "percent_covered_display": "100", "missing_lines": 0, "excluded_lines": 0, "percent_statements_covered": 100.0, "percent_statements_covered_display": "100"}, "missing_lines": [], "excluded_lines": []}, "": {"executed_lines": [], "summary": {"covered_lines": 0, "num_statements": 81, "percent_covered": 0.0, "percent_covered_display": "0", "missing_lines": 81, "excluded_lines": 0, "percent_statements_covered": 0.0, "percent_statements_covered_display": "0"}, "missing_lines": [3, 4, 5, 6, 7, 9, 11, 14, 15, 19, 20, 24, 57, 85, 116, 339, 396, 406, 423, 440, 441, 442, 443, 444, 447, 450, 457, 460, 464, 468, 472, 476, 482, 486, 491, 494, 495, 499, 503, 507, 510, 514, 527, 586, 601, 602, 608, 609, 610, 611, 612, 613, 616, 617, 623, 624, 625, 626, 627, 628, 631, 632, 638, 639, 640, 641, 642, 645, 646, 652, 653, 654, 655, 656, 659, 660, 666, 667, 668, 669, 670], "excluded_lines": []}}}, "src/auto_coder/automation_engine.py": {"executed_lines": [], "summary": {"covered_lines": 0, "num_statements": 592, "percent_covered": 0.0, "percent_covered_display": "0", "missing_lines": 592, "excluded_lines": 0, "percent_statements_covered": 0.0, "percent_statements_covered_display": "0"}, "missing_lines": [5, 6, 7, 8, 10, 11, 12, 13, 14, 15, 16, 17, 18, 19, 20, 21, 22, 23, 24, 25, 26, 27, 28, 29, 31, 34, 37, 43, 44, 45, 50, 66, 68, 69, 70, 71, 73, 77, 78, 79, 80, 85, 86, 89, 91, 94, 95, 96, 97, 99, 100, 103, 104, 109, 119, 120, 122, 123, 125, 127, 142, 143, 145, 146, 148, 150, 151, 152, 153, 155, 156, 157, 158, 161, 169, 170, 173, 176, 177, 178, 180, 183, 184, 185, 187, 188, 189, 193, 194, 195, 199, 203, 214, 215, 217, 218, 220, 221, 222, 223, 224, 226, 228, 242, 244, 246, 247, 248, 249, 252, 253, 254, 255, 258, 266, 267, 270, 271, 275, 276, 277, 279, 280, 281, 282, 284, 285, 292, 294, 301, 302, 303, 304, 306, 316, 317, 319, 328, 329, 331, 334, 336, 341, 342, 343, 344, 345, 346, 347, 348, 349, 350, 351, 352, 354, 376, 378, 387, 389, 390, 393, 394, 397, 398, 399, 400, 402, 404, 406, 408, 416, 417, 418, 420, 421, 423, 424, 425, 427, 428, 429, 431, 433, 444, 447, 448, 451, 454, 456, 463, 465, 468, 471, 480, 482, 493, 495, 497, 499, 501, 502, 503, 506, 507, 508, 509, 512, 516, 524, 525, 526, 527, 529, 530, 532, 533, 535, 536, 537, 538, 541, 542, 543, 545, 547, 548, 550, 551, 552, 553, 554, 556, 569, 571, 572, 575, 580, 581, 583, 585, 588, 596, 597, 602, 604, 605, 606, 607, 608, 609, 618, 626, 628, 629, 632, 633, 637, 638, 639, 643, 646, 647, 650, 651, 653, 654, 655, 656, 657, 658, 659, 660, 661, 662, 664, 666, 668, 669, 670, 671, 672, 674, 675, 678, 686, 687, 689, 690, 691, 692, 695, 703, 705, 711, 717, 718, 720, 721, 722, 723, 724, 725, 726, 727, 728, 733, 734, 736, 738, 741, 747, 750, 751, 753, 754, 755, 756, 757, 758, 759, 761, 762, 763, 764, 765, 766, 767, 768, 770, 771, 777, 778, 779, 780, 781, 782, 783, 784, 785, 786, 788, 790, 799, 801, 802, 804, 807, 809, 813, 814, 815, 816, 817, 819, 826, 828, 830, 832, 834, 836, 843, 845, 847, 854, 856, 858, 859, 861, 862, 864, 865, 866, 869, 871, 873, 874, 875, 876, 879, 880, 881, 884, 885, 892, 893, 895, 896, 897, 898, 901, 903, 904, 905, 906, 908, 910, 912, 914, 916, 917, 920, 921, 922, 925, 936, 937, 938, 939, 942, 953, 954, 957, 958, 959, 960, 962, 964, 966, 968, 970, 971, 973, 975, 977, 978, 979, 986, 987, 989, 997, 999, 1000, 1001, 1002, 1005, 1006, 1007, 1008, 1009, 1010, 1012, 1013, 1015, 1017, 1019, 1021, 1023, 1024, 1026, 1027, 1033, 1034, 1042, 1043, 1045, 1051, 1052, 1057, 1058, 1064, 1069, 1071, 1072, 1077, 1078, 1079, 1081, 1083, 1084, 1085, 1086, 1087, 1088, 1089, 1090, 1091, 1093, 1094, 1102, 1103, 1104, 1105, 1106, 1108, 1109, 1111, 1113, 1125, 1127, 1129, 1133, 1134, 1137, 1151, 1152, 1153, 1156, 1157, 1158, 1161, 1162, 1163, 1165, 1167, 1169, 1170, 1172, 1174, 1176, 1178, 1189, 1191, 1193, 1200, 1201, 1202, 1204, 1207, 1209, 1210, 1211, 1215, 1216, 1217, 1218, 1220, 1221, 1224, 1225, 1229, 1230, 1231, 1238, 1239, 1240, 1244, 1246, 1247, 1249, 1250, 1251, 1254, 1255, 1256, 1257, 1258, 1262, 1270, 1271, 1272, 1275, 1283, 1291, 1293, 1294, 1295, 1297, 1298, 1300, 1301, 1302, 1304, 1315, 1317, 1319, 1321, 1322, 1323, 1324, 1325, 1326, 1327, 1329, 1331, 1332, 1333, 1334, 1335, 1336, 1337, 1338, 1340, 1347, 1349, 1350, 1351, 1353, 1359, 1360, 1361, 1363, 1366], "excluded_lines": [], "functions": {"AutomationEngine.__init__": {"executed_lines": [], "summary": {"covered_lines": 0, "num_statements": 3, "percent_covered": 0.0, "percent_covered_display": "0", "missing_lines": 3, "excluded_lines": 0, "percent_statements_covered": 0.0, "percent_statements_covered_display": "0"}, "missing_lines": [43, 44, 45], "excluded_lines": []}, "AutomationEngine._check_and_handle_closed_branch": {"executed_lines": [], "summary": {"covered_lines": 0, "num_statements": 28, "percent_covered": 0.0, "percent_covered_display": "0", "missing_lines": 28, "excluded_lines": 0, "percent_statements_covered": 0.0, "percent_statements_covered_display": "0"}, "missing_lines": [66, 68, 69, 70, 71, 73, 77, 78, 79, 80, 85, 86, 89, 91, 94, 95, 96, 97, 99, 100, 103, 104, 109, 119, 120, 122, 123, 125], "excluded_lines": []}, "AutomationEngine._get_candidates": {"executed_lines": [], "summary": {"covered_lines": 0, "num_statements": 80, "percent_covered": 0.0, "percent_covered_display": "0", "missing_lines": 80, "excluded_lines": 0, "percent_statements_covered": 0.0, "percent_statements_covered_display": "0"}, "missing_lines": [142, 143, 145, 146, 148, 150, 151, 152, 153, 155, 156, 157, 158, 161, 169, 170, 173, 176, 177, 178, 180, 183, 184, 185, 187, 188, 189, 193, 194, 195, 199, 203, 214, 215, 217, 218, 220, 221, 222, 223, 224, 226, 228, 242, 244, 246, 247, 248, 249, 252, 253, 254, 255, 258, 266, 267, 270, 271, 275, 276, 277, 279, 280, 281, 282, 284, 285, 292, 294, 301, 302, 303, 304, 306, 316, 319, 328, 329, 331, 334], "excluded_lines": []}, "AutomationEngine._get_candidates._type_order": {"executed_lines": [], "summary": {"covered_lines": 0, "num_statements": 1, "percent_covered": 0.0, "percent_covered_display": "0", "missing_lines": 1, "excluded_lines": 0, "percent_statements_covered": 0.0, "percent_statements_covered_display": "0"}, "missing_lines": [317], "excluded_lines": []}, "AutomationEngine._has_open_sub_issues": {"executed_lines": [], "summary": {"covered_lines": 0, "num_statements": 12, "percent_covered": 0.0, "percent_covered_display": "0", "missing_lines": 12, "excluded_lines": 0, "percent_statements_covered": 0.0, "percent_statements_covered_display": "0"}, "missing_lines": [341, 342, 343, 344, 345, 346, 347, 348, 349, 350, 351, 352], "excluded_lines": []}, "AutomationEngine._process_single_candidate_unified": {"executed_lines": [], "summary": {"covered_lines": 0, "num_statements": 27, "percent_covered": 0.0, "percent_covered_display": "0", "missing_lines": 27, "excluded_lines": 0, "percent_statements_covered": 0.0, "percent_statements_covered_display": "0"}, "missing_lines": [376, 378, 387, 389, 390, 393, 394, 397, 398, 399, 400, 402, 404, 406, 408, 416, 417, 418, 420, 421, 423, 424, 425, 427, 428, 429, 431], "excluded_lines": []}, "AutomationEngine._process_single_candidate": {"executed_lines": [], "summary": {"covered_lines": 0, "num_statements": 6, "percent_covered": 0.0, "percent_covered_display": "0", "missing_lines": 6, "excluded_lines": 0, "percent_statements_covered": 0.0, "percent_statements_covered_display": "0"}, "missing_lines": [444, 447, 448, 451, 454, 456], "excluded_lines": []}, "AutomationEngine.run": {"executed_lines": [], "summary": {"covered_lines": 0, "num_statements": 41, "percent_covered": 0.0, "percent_covered_display": "0", "missing_lines": 41, "excluded_lines": 0, "percent_statements_covered": 0.0, "percent_statements_covered_display": "0"}, "missing_lines": [465, 468, 471, 480, 482, 493, 495, 497, 499, 501, 502, 503, 506, 507, 508, 509, 512, 516, 524, 525, 526, 527, 529, 530, 532, 533, 535, 536, 537, 538, 541, 542, 543, 545, 547, 548, 550, 551, 552, 553, 554], "excluded_lines": []}, "AutomationEngine.process_single": {"executed_lines": [], "summary": {"covered_lines": 0, "num_statements": 59, "percent_covered": 0.0, "percent_covered_display": "0", "missing_lines": 59, "excluded_lines": 0, "percent_statements_covered": 0.0, "percent_statements_covered_display": "0"}, "missing_lines": [569, 571, 572, 575, 580, 581, 583, 585, 588, 596, 597, 602, 604, 605, 606, 607, 608, 609, 618, 626, 628, 629, 632, 633, 637, 638, 639, 643, 646, 647, 650, 651, 653, 654, 655, 656, 657, 658, 659, 660, 661, 662, 664, 666, 668, 669, 670, 671, 672, 674, 675, 678, 686, 687, 689, 690, 691, 692, 695], "excluded_lines": []}, "AutomationEngine.create_feature_issues": {"executed_lines": [], "summary": {"covered_lines": 0, "num_statements": 1, "percent_covered": 0.0, "percent_covered_display": "0", "missing_lines": 1, "excluded_lines": 0, "percent_statements_covered": 0.0, "percent_statements_covered_display": "0"}, "missing_lines": [705], "excluded_lines": []}, "AutomationEngine.fix_to_pass_tests": {"executed_lines": [], "summary": {"covered_lines": 0, "num_statements": 14, "percent_covered": 0.0, "percent_covered_display": "0", "missing_lines": 14, "excluded_lines": 0, "percent_statements_covered": 0.0, "percent_statements_covered_display": "0"}, "missing_lines": [717, 718, 720, 721, 722, 723, 724, 725, 726, 727, 728, 733, 734, 736], "excluded_lines": []}, "AutomationEngine._get_llm_backend_info": {"executed_lines": [], "summary": {"covered_lines": 0, "num_statements": 15, "percent_covered": 0.0, "percent_covered_display": "0", "missing_lines": 15, "excluded_lines": 0, "percent_statements_covered": 0.0, "percent_statements_covered_display": "0"}, "missing_lines": [741, 747, 770, 771, 777, 778, 779, 780, 781, 782, 783, 784, 785, 786, 788], "excluded_lines": []}, "AutomationEngine._get_llm_backend_info._extract_from_manager": {"executed_lines": [], "summary": {"covered_lines": 0, "num_statements": 17, "percent_covered": 0.0, "percent_covered_display": "0", "missing_lines": 17, "excluded_lines": 0, "percent_statements_covered": 0.0, "percent_statements_covered_display": "0"}, "missing_lines": [750, 751, 753, 754, 755, 756, 757, 758, 759, 761, 762, 763, 764, 765, 766, 767, 768], "excluded_lines": []}, "AutomationEngine._save_report": {"executed_lines": [], "summary": {"covered_lines": 0, "num_statements": 11, "percent_covered": 0.0, "percent_covered_display": "0", "missing_lines": 11, "excluded_lines": 0, "percent_statements_covered": 0.0, "percent_statements_covered_display": "0"}, "missing_lines": [799, 801, 802, 804, 807, 809, 813, 814, 815, 816, 817], "excluded_lines": []}, "AutomationEngine._create_pr_analysis_prompt": {"executed_lines": [], "summary": {"covered_lines": 0, "num_statements": 1, "percent_covered": 0.0, "percent_covered_display": "0", "missing_lines": 1, "excluded_lines": 0, "percent_statements_covered": 0.0, "percent_statements_covered_display": "0"}, "missing_lines": [826], "excluded_lines": []}, "AutomationEngine._get_pr_diff": {"executed_lines": [], "summary": {"covered_lines": 0, "num_statements": 1, "percent_covered": 0.0, "percent_covered_display": "0", "missing_lines": 1, "excluded_lines": 0, "percent_statements_covered": 0.0, "percent_statements_covered_display": "0"}, "missing_lines": [830], "excluded_lines": []}, "AutomationEngine._take_issue_actions": {"executed_lines": [], "summary": {"covered_lines": 0, "num_statements": 2, "percent_covered": 0.0, "percent_covered_display": "0", "missing_lines": 2, "excluded_lines": 0, "percent_statements_covered": 0.0, "percent_statements_covered_display": "0"}, "missing_lines": [834, 836], "excluded_lines": []}, "AutomationEngine._apply_issue_actions_directly": {"executed_lines": [], "summary": {"covered_lines": 0, "num_statements": 2, "percent_covered": 0.0, "percent_covered_display": "0", "missing_lines": 2, "excluded_lines": 0, "percent_statements_covered": 0.0, "percent_statements_covered_display": "0"}, "missing_lines": [845, 847], "excluded_lines": []}, "AutomationEngine._commit_changes": {"executed_lines": [], "summary": {"covered_lines": 0, "num_statements": 8, "percent_covered": 0.0, "percent_covered_display": "0", "missing_lines": 8, "excluded_lines": 0, "percent_statements_covered": 0.0, "percent_statements_covered_display": "0"}, "missing_lines": [856, 858, 859, 861, 862, 864, 865, 866], "excluded_lines": []}, "AutomationEngine._resolve_pr_merge_conflicts": {"executed_lines": [], "summary": {"covered_lines": 0, "num_statements": 21, "percent_covered": 0.0, "percent_covered_display": "0", "missing_lines": 21, "excluded_lines": 0, "percent_statements_covered": 0.0, "percent_statements_covered_display": "0"}, "missing_lines": [871, 873, 874, 875, 876, 879, 880, 881, 884, 885, 892, 893, 895, 896, 897, 898, 901, 903, 904, 905, 906], "excluded_lines": []}, "AutomationEngine._update_with_base_branch": {"executed_lines": [], "summary": {"covered_lines": 0, "num_statements": 27, "percent_covered": 0.0, "percent_covered_display": "0", "missing_lines": 27, "excluded_lines": 0, "percent_statements_covered": 0.0, "percent_statements_covered_display": "0"}, "missing_lines": [910, 912, 914, 916, 917, 920, 921, 922, 925, 936, 937, 938, 939, 942, 953, 954, 957, 958, 959, 960, 962, 964, 966, 968, 970, 971, 973], "excluded_lines": []}, "AutomationEngine._get_repository_context": {"executed_lines": [], "summary": {"covered_lines": 0, "num_statements": 6, "percent_covered": 0.0, "percent_covered_display": "0", "missing_lines": 6, "excluded_lines": 0, "percent_statements_covered": 0.0, "percent_statements_covered_display": "0"}, "missing_lines": [977, 978, 979, 986, 987, 989], "excluded_lines": []}, "AutomationEngine._format_feature_issue_body": {"executed_lines": [], "summary": {"covered_lines": 0, "num_statements": 12, "percent_covered": 0.0, "percent_covered_display": "0", "missing_lines": 12, "excluded_lines": 0, "percent_statements_covered": 0.0, "percent_statements_covered_display": "0"}, "missing_lines": [999, 1000, 1001, 1002, 1005, 1006, 1007, 1008, 1009, 1010, 1012, 1013], "excluded_lines": []}, "AutomationEngine._should_auto_merge_pr": {"executed_lines": [], "summary": {"covered_lines": 0, "num_statements": 1, "percent_covered": 0.0, "percent_covered_display": "0", "missing_lines": 1, "excluded_lines": 0, "percent_statements_covered": 0.0, "percent_statements_covered_display": "0"}, "missing_lines": [1017], "excluded_lines": []}, "AutomationEngine._run_pr_tests": {"executed_lines": [], "summary": {"covered_lines": 0, "num_statements": 14, "percent_covered": 0.0, "percent_covered_display": "0", "missing_lines": 14, "excluded_lines": 0, "percent_statements_covered": 0.0, "percent_statements_covered_display": "0"}, "missing_lines": [1021, 1023, 1024, 1026, 1027, 1033, 1034, 1042, 1043, 1045, 1051, 1052, 1057, 1058], "excluded_lines": []}, "AutomationEngine._extract_important_errors": {"executed_lines": [], "summary": {"covered_lines": 0, "num_statements": 26, "percent_covered": 0.0, "percent_covered_display": "0", "missing_lines": 26, "excluded_lines": 0, "percent_statements_covered": 0.0, "percent_statements_covered_display": "0"}, "missing_lines": [1069, 1071, 1072, 1077, 1078, 1079, 1081, 1083, 1084, 1085, 1086, 1087, 1088, 1089, 1090, 1091, 1093, 1094, 1102, 1103, 1104, 1105, 1106, 1108, 1109, 1111], "excluded_lines": []}, "AutomationEngine._apply_github_actions_fix": {"executed_lines": [], "summary": {"covered_lines": 0, "num_statements": 20, "percent_covered": 0.0, "percent_covered_display": "0", "missing_lines": 20, "excluded_lines": 0, "percent_statements_covered": 0.0, "percent_statements_covered_display": "0"}, "missing_lines": [1125, 1127, 1129, 1133, 1134, 1137, 1151, 1152, 1153, 1156, 1157, 1158, 1161, 1162, 1163, 1165, 1167, 1169, 1170, 1172], "excluded_lines": []}, "AutomationEngine._format_direct_fix_comment": {"executed_lines": [], "summary": {"covered_lines": 0, "num_statements": 1, "percent_covered": 0.0, "percent_covered_display": "0", "missing_lines": 1, "excluded_lines": 0, "percent_statements_covered": 0.0, "percent_statements_covered_display": "0"}, "missing_lines": [1176], "excluded_lines": []}, "AutomationEngine.parse_commit_history_with_actions": {"executed_lines": [], "summary": {"covered_lines": 0, "num_statements": 51, "percent_covered": 0.0, "percent_covered_display": "0", "missing_lines": 51, "excluded_lines": 0, "percent_statements_covered": 0.0, "percent_statements_covered_display": "0"}, "missing_lines": [1189, 1191, 1193, 1200, 1201, 1202, 1204, 1207, 1209, 1210, 1211, 1215, 1216, 1217, 1218, 1220, 1221, 1224, 1225, 1229, 1230, 1231, 1238, 1239, 1240, 1244, 1246, 1247, 1249, 1250, 1251, 1254, 1255, 1256, 1257, 1258, 1262, 1270, 1271, 1272, 1275, 1283, 1291, 1293, 1294, 1295, 1297, 1298, 1300, 1301, 1302], "excluded_lines": []}, "AutomationEngine._create_candidate_from_single": {"executed_lines": [], "summary": {"covered_lines": 0, "num_statements": 29, "percent_covered": 0.0, "percent_covered_display": "0", "missing_lines": 29, "excluded_lines": 0, "percent_statements_covered": 0.0, "percent_statements_covered_display": "0"}, "missing_lines": [1315, 1317, 1319, 1321, 1322, 1323, 1324, 1325, 1326, 1327, 1329, 1331, 1332, 1333, 1334, 1335, 1336, 1337, 1338, 1340, 1347, 1349, 1350, 1351, 1353, 1359, 1360, 1361, 1363], "excluded_lines": []}, "": {"executed_lines": [], "summary": {"covered_lines": 0, "num_statements": 55, "percent_covered": 0.0, "percent_covered_display": "0", "missing_lines": 55, "excluded_lines": 0, "percent_statements_covered": 0.0, "percent_statements_covered_display": "0"}, "missing_lines": [5, 6, 7, 8, 10, 11, 12, 13, 14, 15, 16, 17, 18, 19, 20, 21, 22, 23, 24, 25, 26, 27, 28, 29, 31, 34, 37, 50, 127, 336, 354, 433, 463, 556, 703, 711, 738, 790, 819, 828, 832, 843, 854, 869, 908, 975, 997, 1015, 1019, 1064, 1113, 1174, 1178, 1304, 1366], "excluded_lines": []}}, "classes": {"AutomationEngine": {"executed_lines": [], "summary": {"covered_lines": 0, "num_statements": 537, "percent_covered": 0.0, "percent_covered_display": "0", "missing_lines": 537, "excluded_lines": 0, "percent_statements_covered": 0.0, "percent_statements_covered_display": "0"}, "missing_lines": [43, 44, 45, 66, 68, 69, 70, 71, 73, 77, 78, 79, 80, 85, 86, 89, 91, 94, 95, 96, 97, 99, 100, 103, 104, 109, 119, 120, 122, 123, 125, 142, 143, 145, 146, 148, 150, 151, 152, 153, 155, 156, 157, 158, 161, 169, 170, 173, 176, 177, 178, 180, 183, 184, 185, 187, 188, 189, 193, 194, 195, 199, 203, 214, 215, 217, 218, 220, 221, 222, 223, 224, 226, 228, 242, 244, 246, 247, 248, 249, 252, 253, 254, 255, 258, 266, 267, 270, 271, 275, 276, 277, 279, 280, 281, 282, 284, 285, 292, 294, 301, 302, 303, 304, 306, 316, 317, 319, 328, 329, 331, 334, 341, 342, 343, 344, 345, 346, 347, 348, 349, 350, 351, 352, 376, 378, 387, 389, 390, 393, 394, 397, 398, 399, 400, 402, 404, 406, 408, 416, 417, 418, 420, 421, 423, 424, 425, 427, 428, 429, 431, 444, 447, 448, 451, 454, 456, 465, 468, 471, 480, 482, 493, 495, 497, 499, 501, 502, 503, 506, 507, 508, 509, 512, 516, 524, 525, 526, 527, 529, 530, 532, 533, 535, 536, 537, 538, 541, 542, 543, 545, 547, 548, 550, 551, 552, 553, 554, 569, 571, 572, 575, 580, 581, 583, 585, 588, 596, 597, 602, 604, 605, 606, 607, 608, 609, 618, 626, 628, 629, 632, 633, 637, 638, 639, 643, 646, 647, 650, 651, 653, 654, 655, 656, 657, 658, 659, 660, 661, 662, 664, 666, 668, 669, 670, 671, 672, 674, 675, 678, 686, 687, 689, 690, 691, 692, 695, 705, 717, 718, 720, 721, 722, 723, 724, 725, 726, 727, 728, 733, 734, 736, 741, 747, 750, 751, 753, 754, 755, 756, 757, 758, 759, 761, 762, 763, 764, 765, 766, 767, 768, 770, 771, 777, 778, 779, 780, 781, 782, 783, 784, 785, 786, 788, 799, 801, 802, 804, 807, 809, 813, 814, 815, 816, 817, 826, 830, 834, 836, 845, 847, 856, 858, 859, 861, 862, 864, 865, 866, 871, 873, 874, 875, 876, 879, 880, 881, 884, 885, 892, 893, 895, 896, 897, 898, 901, 903, 904, 905, 906, 910, 912, 914, 916, 917, 920, 921, 922, 925, 936, 937, 938, 939, 942, 953, 954, 957, 958, 959, 960, 962, 964, 966, 968, 970, 971, 973, 977, 978, 979, 986, 987, 989, 999, 1000, 1001, 1002, 1005, 1006, 1007, 1008, 1009, 1010, 1012, 1013, 1017, 1021, 1023, 1024, 1026, 1027, 1033, 1034, 1042, 1043, 1045, 1051, 1052, 1057, 1058, 1069, 1071, 1072, 1077, 1078, 1079, 1081, 1083, 1084, 1085, 1086, 1087, 1088, 1089, 1090, 1091, 1093, 1094, 1102, 1103, 1104, 1105, 1106, 1108, 1109, 1111, 1125, 1127, 1129, 1133, 1134, 1137, 1151, 1152, 1153, 1156, 1157, 1158, 1161, 1162, 1163, 1165, 1167, 1169, 1170, 1172, 1176, 1189, 1191, 1193, 1200, 1201, 1202, 1204, 1207, 1209, 1210, 1211, 1215, 1216, 1217, 1218, 1220, 1221, 1224, 1225, 1229, 1230, 1231, 1238, 1239, 1240, 1244, 1246, 1247, 1249, 1250, 1251, 1254, 1255, 1256, 1257, 1258, 1262, 1270, 1271, 1272, 1275, 1283, 1291, 1293, 1294, 1295, 1297, 1298, 1300, 1301, 1302, 1315, 1317, 1319, 1321, 1322, 1323, 1324, 1325, 1326, 1327, 1329, 1331, 1332, 1333, 1334, 1335, 1336, 1337, 1338, 1340, 1347, 1349, 1350, 1351, 1353, 1359, 1360, 1361, 1363], "excluded_lines": []}, "": {"executed_lines": [], "summary": {"covered_lines": 0, "num_statements": 55, "percent_covered": 0.0, "percent_covered_display": "0", "missing_lines": 55, "excluded_lines": 0, "percent_statements_covered": 0.0, "percent_statements_covered_display": "0"}, "missing_lines": [5, 6, 7, 8, 10, 11, 12, 13, 14, 15, 16, 17, 18, 19, 20, 21, 22, 23, 24, 25, 26, 27, 28, 29, 31, 34, 37, 50, 127, 336, 354, 433, 463, 556, 703, 711, 738, 790, 819, 828, 832, 843, 854, 869, 908, 975, 997, 1015, 1019, 1064, 1113, 1174, 1178, 1304, 1366], "excluded_lines": []}}}, "src/auto_coder/backend_manager.py": {"executed_lines": [1, 6, 8, 9, 10, 11, 12, 13, 15, 16, 17, 18, 19, 20, 21, 22, 24, 27, 28, 29, 30, 33, 46, 47, 57, 113, 114, 128, 147, 162, 165, 181, 193, 212, 241, 266, 322, 334, 382, 383, 479, 531, 532, 581, 599, 612, 684, 692, 699, 708, 720, 734, 763, 764, 809, 810, 811, 812, 814, 815, 880, 881, 899, 900, 910, 911, 970, 1005, 1027, 1043, 1078, 1100, 1113], "summary": {"covered_lines": 70, "num_statements": 445, "percent_covered": 15.730337078651685, "percent_covered_display": "16", "missing_lines": 375, "excluded_lines": 9, "percent_statements_covered": 15.730337078651685, "percent_statements_covered_display": "16"}, "missing_lines": [66, 68, 69, 70, 72, 74, 75, 76, 77, 78, 81, 83, 86, 88, 90, 91, 92, 93, 94, 96, 97, 100, 105, 108, 110, 111, 126, 135, 136, 137, 138, 139, 140, 155, 156, 157, 163, 166, 167, 168, 170, 171, 172, 173, 174, 175, 176, 177, 179, 182, 183, 185, 186, 187, 188, 189, 190, 191, 203, 205, 206, 208, 209, 210, 228, 229, 230, 231, 232, 234, 235, 237, 238, 239, 253, 254, 255, 257, 258, 260, 261, 262, 263, 264, 282, 285, 286, 289, 290, 293, 294, 297, 298, 299, 300, 301, 304, 305, 307, 308, 314, 315, 318, 319, 320, 332, 352, 353, 354, 357, 358, 359, 362, 363, 364, 365, 368, 369, 371, 372, 375, 376, 377, 379, 385, 388, 390, 391, 392, 394, 396, 397, 398, 402, 404, 405, 407, 408, 410, 413, 414, 417, 418, 421, 423, 424, 432, 434, 435, 443, 444, 445, 446, 447, 448, 450, 451, 452, 453, 455, 456, 457, 459, 462, 463, 464, 465, 466, 467, 468, 469, 470, 471, 472, 473, 475, 476, 477, 497, 498, 499, 501, 502, 503, 504, 505, 506, 507, 509, 511, 512, 513, 514, 515, 516, 518, 520, 521, 522, 523, 524, 525, 526, 527, 528, 539, 541, 543, 544, 547, 549, 550, 551, 553, 556, 559, 560, 561, 562, 563, 565, 566, 567, 568, 569, 570, 572, 573, 576, 577, 578, 579, 585, 588, 589, 590, 592, 593, 594, 595, 596, 597, 607, 608, 610, 636, 638, 639, 640, 641, 642, 643, 644, 645, 646, 647, 648, 649, 650, 653, 654, 655, 656, 657, 658, 661, 662, 663, 665, 666, 667, 668, 669, 670, 671, 672, 673, 674, 675, 677, 678, 681, 685, 686, 687, 688, 689, 690, 693, 694, 695, 696, 697, 701, 702, 703, 704, 705, 706, 717, 718, 731, 732, 748, 749, 750, 751, 754, 755, 757, 758, 760, 844, 846, 848, 849, 850, 853, 854, 855, 856, 857, 860, 861, 867, 873, 876, 878, 890, 891, 892, 893, 894, 895, 896, 897, 907, 908, 936, 938, 940, 941, 942, 945, 946, 947, 948, 949, 952, 953, 959, 962, 964, 996, 1021, 1022, 1023, 1024, 1034, 1035, 1036, 1037, 1069, 1094, 1095, 1096, 1097, 1107, 1108, 1109, 1110, 1121, 1122, 1123, 1124], "excluded_lines": [144, 145, 158, 159, 425, 426, 427, 428, 429], "functions": {"BackendManager.__init__": {"executed_lines": [], "summary": {"covered_lines": 0, "num_statements": 26, "percent_covered": 0.0, "percent_covered_display": "0", "missing_lines": 26, "excluded_lines": 0, "percent_statements_covered": 0.0, "percent_statements_covered_display": "0"}, "missing_lines": [66, 68, 69, 70, 72, 74, 75, 76, 77, 78, 81, 83, 86, 88, 90, 91, 92, 93, 94, 96, 97, 100, 105, 108, 110, 111], "excluded_lines": []}, "BackendManager.provider_manager": {"executed_lines": [], "summary": {"covered_lines": 0, "num_statements": 1, "percent_covered": 0.0, "percent_covered_display": "0", "missing_lines": 1, "excluded_lines": 0, "percent_statements_covered": 0.0, "percent_statements_covered_display": "0"}, "missing_lines": [126], "excluded_lines": []}, "BackendManager._restore_session_state": {"executed_lines": [], "summary": {"covered_lines": 0, "num_statements": 6, "percent_covered": 0.0, "percent_covered_display": "0", "missing_lines": 6, "excluded_lines": 2, "percent_statements_covered": 0.0, "percent_statements_covered_display": "0"}, "missing_lines": [135, 136, 137, 138, 139, 140], "excluded_lines": [144, 145]}, "BackendManager._save_session_state": {"executed_lines": [], "summary": {"covered_lines": 0, "num_statements": 3, "percent_covered": 0.0, "percent_covered_display": "0", "missing_lines": 3, "excluded_lines": 2, "percent_statements_covered": 0.0, "percent_statements_covered_display": "0"}, "missing_lines": [155, 156, 157], "excluded_lines": [158, 159]}, "BackendManager._current_backend_name": {"executed_lines": [], "summary": {"covered_lines": 0, "num_statements": 1, "percent_covered": 0.0, "percent_covered_display": "0", "missing_lines": 1, "excluded_lines": 0, "percent_statements_covered": 0.0, "percent_statements_covered_display": "0"}, "missing_lines": [163], "excluded_lines": []}, "BackendManager._get_or_create_client": {"executed_lines": [], "summary": {"covered_lines": 0, "num_statements": 12, "percent_covered": 0.0, "percent_covered_display": "0", "missing_lines": 12, "excluded_lines": 0, "percent_statements_covered": 0.0, "percent_statements_covered_display": "0"}, "missing_lines": [166, 167, 168, 170, 171, 172, 173, 174, 175, 176, 177, 179], "excluded_lines": []}, "BackendManager._switch_to_index": {"executed_lines": [], "summary": {"covered_lines": 0, "num_statements": 9, "percent_covered": 0.0, "percent_covered_display": "0", "missing_lines": 9, "excluded_lines": 0, "percent_statements_covered": 0.0, "percent_statements_covered_display": "0"}, "missing_lines": [182, 183, 185, 186, 187, 188, 189, 190, 191], "excluded_lines": []}, "BackendManager.switch_to_next_backend": {"executed_lines": [], "summary": {"covered_lines": 0, "num_statements": 6, "percent_covered": 0.0, "percent_covered_display": "0", "missing_lines": 6, "excluded_lines": 0, "percent_statements_covered": 0.0, "percent_statements_covered_display": "0"}, "missing_lines": [203, 205, 206, 208, 209, 210], "excluded_lines": []}, "BackendManager.switch_to_default_backend": {"executed_lines": [], "summary": {"covered_lines": 0, "num_statements": 10, "percent_covered": 0.0, "percent_covered_display": "0", "missing_lines": 10, "excluded_lines": 0, "percent_statements_covered": 0.0, "percent_statements_covered_display": "0"}, "missing_lines": [228, 229, 230, 231, 232, 234, 235, 237, 238, 239], "excluded_lines": []}, "BackendManager._switch_to_backend_by_name": {"executed_lines": [], "summary": {"covered_lines": 0, "num_statements": 10, "percent_covered": 0.0, "percent_covered_display": "0", "missing_lines": 10, "excluded_lines": 0, "percent_statements_covered": 0.0, "percent_statements_covered_display": "0"}, "missing_lines": [253, 254, 255, 257, 258, 260, 261, 262, 263, 264], "excluded_lines": []}, "BackendManager.check_and_reset_backend_if_needed": {"executed_lines": [], "summary": {"covered_lines": 0, "num_statements": 21, "percent_covered": 0.0, "percent_covered_display": "0", "missing_lines": 21, "excluded_lines": 0, "percent_statements_covered": 0.0, "percent_statements_covered_display": "0"}, "missing_lines": [282, 285, 286, 289, 290, 293, 294, 297, 298, 299, 300, 301, 304, 305, 307, 308, 314, 315, 318, 319, 320], "excluded_lines": []}, "BackendManager._get_current_provider_name": {"executed_lines": [], "summary": {"covered_lines": 0, "num_statements": 1, "percent_covered": 0.0, "percent_covered_display": "0", "missing_lines": 1, "excluded_lines": 0, "percent_statements_covered": 0.0, "percent_statements_covered_display": "0"}, "missing_lines": [332], "excluded_lines": []}, "BackendManager._inject_resume_options_if_applicable": {"executed_lines": [], "summary": {"covered_lines": 0, "num_statements": 18, "percent_covered": 0.0, "percent_covered_display": "0", "missing_lines": 18, "excluded_lines": 0, "percent_statements_covered": 0.0, "percent_statements_covered_display": "0"}, "missing_lines": [352, 353, 354, 357, 358, 359, 362, 363, 364, 365, 368, 369, 371, 372, 375, 376, 377, 379], "excluded_lines": []}, "BackendManager._run_llm_cli": {"executed_lines": [], "summary": {"covered_lines": 0, "num_statements": 54, "percent_covered": 0.0, "percent_covered_display": "0", "missing_lines": 54, "excluded_lines": 5, "percent_statements_covered": 0.0, "percent_statements_covered_display": "0"}, "missing_lines": [385, 388, 390, 391, 392, 394, 396, 397, 398, 402, 404, 405, 407, 408, 410, 413, 414, 417, 418, 421, 423, 424, 432, 434, 435, 443, 444, 445, 446, 447, 448, 450, 451, 452, 453, 455, 456, 457, 459, 462, 463, 464, 465, 466, 467, 468, 469, 470, 471, 472, 473, 475, 476, 477], "excluded_lines": [425, 426, 427, 428, 429]}, "BackendManager._execute_backend_with_providers": {"executed_lines": [], "summary": {"covered_lines": 0, "num_statements": 27, "percent_covered": 0.0, "percent_covered_display": "0", "missing_lines": 27, "excluded_lines": 0, "percent_statements_covered": 0.0, "percent_statements_covered_display": "0"}, "missing_lines": [497, 498, 499, 501, 502, 503, 504, 505, 506, 507, 509, 511, 512, 513, 514, 515, 516, 518, 520, 521, 522, 523, 524, 525, 526, 527, 528], "excluded_lines": []}, "BackendManager.run_test_fix_prompt": {"executed_lines": [], "summary": {"covered_lines": 0, "num_statements": 27, "percent_covered": 0.0, "percent_covered_display": "0", "missing_lines": 27, "excluded_lines": 0, "percent_statements_covered": 0.0, "percent_statements_covered_display": "0"}, "missing_lines": [539, 541, 543, 544, 547, 549, 550, 551, 553, 556, 559, 560, 561, 562, 563, 565, 566, 567, 568, 569, 570, 572, 573, 576, 577, 578, 579], "excluded_lines": []}, "BackendManager.get_last_backend_and_model": {"executed_lines": [], "summary": {"covered_lines": 0, "num_statements": 10, "percent_covered": 0.0, "percent_covered_display": "0", "missing_lines": 10, "excluded_lines": 0, "percent_statements_covered": 0.0, "percent_statements_covered_display": "0"}, "missing_lines": [585, 588, 589, 590, 592, 593, 594, 595, 596, 597], "excluded_lines": []}, "BackendManager.get_last_backend_provider_and_model": {"executed_lines": [], "summary": {"covered_lines": 0, "num_statements": 3, "percent_covered": 0.0, "percent_covered_display": "0", "missing_lines": 3, "excluded_lines": 0, "percent_statements_covered": 0.0, "percent_statements_covered_display": "0"}, "missing_lines": [607, 608, 610], "excluded_lines": []}, "BackendManager.parse_llm_output_as_json": {"executed_lines": [], "summary": {"covered_lines": 0, "num_statements": 24, "percent_covered": 0.0, "percent_covered_display": "0", "missing_lines": 24, "excluded_lines": 0, "percent_statements_covered": 0.0, "percent_statements_covered_display": "0"}, "missing_lines": [636, 653, 654, 655, 656, 657, 658, 661, 662, 663, 665, 666, 667, 668, 669, 670, 671, 672, 673, 674, 675, 677, 678, 681], "excluded_lines": []}, "BackendManager.parse_llm_output_as_json._extract_content": {"executed_lines": [], "summary": {"covered_lines": 0, "num_statements": 13, "percent_covered": 0.0, "percent_covered_display": "0", "missing_lines": 13, "excluded_lines": 0, "percent_statements_covered": 0.0, "percent_statements_covered_display": "0"}, "missing_lines": [638, 639, 640, 641, 642, 643, 644, 645, 646, 647, 648, 649, 650], "excluded_lines": []}, "BackendManager.switch_to_conflict_model": {"executed_lines": [], "summary": {"covered_lines": 0, "num_statements": 6, "percent_covered": 0.0, "percent_covered_display": "0", "missing_lines": 6, "excluded_lines": 0, "percent_statements_covered": 0.0, "percent_statements_covered_display": "0"}, "missing_lines": [685, 686, 687, 688, 689, 690], "excluded_lines": []}, "BackendManager.switch_to_default_model": {"executed_lines": [], "summary": {"covered_lines": 0, "num_statements": 5, "percent_covered": 0.0, "percent_covered_display": "0", "missing_lines": 5, "excluded_lines": 0, "percent_statements_covered": 0.0, "percent_statements_covered_display": "0"}, "missing_lines": [693, 694, 695, 696, 697], "excluded_lines": []}, "BackendManager.close": {"executed_lines": [], "summary": {"covered_lines": 0, "num_statements": 6, "percent_covered": 0.0, "percent_covered_display": "0", "missing_lines": 6, "excluded_lines": 0, "percent_statements_covered": 0.0, "percent_statements_covered_display": "0"}, "missing_lines": [701, 702, 703, 704, 705, 706], "excluded_lines": []}, "BackendManager.check_mcp_server_configured": {"executed_lines": [], "summary": {"covered_lines": 0, "num_statements": 2, "percent_covered": 0.0, "percent_covered_display": "0", "missing_lines": 2, "excluded_lines": 0, "percent_statements_covered": 0.0, "percent_statements_covered_display": "0"}, "missing_lines": [717, 718], "excluded_lines": []}, "BackendManager.add_mcp_server_config": {"executed_lines": [], "summary": {"covered_lines": 0, "num_statements": 2, "percent_covered": 0.0, "percent_covered_display": "0", "missing_lines": 2, "excluded_lines": 0, "percent_statements_covered": 0.0, "percent_statements_covered_display": "0"}, "missing_lines": [731, 732], "excluded_lines": []}, "BackendManager.ensure_mcp_server_configured": {"executed_lines": [], "summary": {"covered_lines": 0, "num_statements": 9, "percent_covered": 0.0, "percent_covered_display": "0", "missing_lines": 9, "excluded_lines": 0, "percent_statements_covered": 0.0, "percent_statements_covered_display": "0"}, "missing_lines": [748, 749, 750, 751, 754, 755, 757, 758, 760], "excluded_lines": []}, "LLMBackendManager.get_llm_instance": {"executed_lines": [], "summary": {"covered_lines": 0, "num_statements": 16, "percent_covered": 0.0, "percent_covered_display": "0", "missing_lines": 16, "excluded_lines": 0, "percent_statements_covered": 0.0, "percent_statements_covered_display": "0"}, "missing_lines": [844, 846, 848, 849, 850, 853, 854, 855, 856, 857, 860, 861, 867, 873, 876, 878], "excluded_lines": []}, "LLMBackendManager.reset_singleton": {"executed_lines": [], "summary": {"covered_lines": 0, "num_statements": 8, "percent_covered": 0.0, "percent_covered_display": "0", "missing_lines": 8, "excluded_lines": 0, "percent_statements_covered": 0.0, "percent_statements_covered_display": "0"}, "missing_lines": [890, 891, 892, 893, 894, 895, 896, 897], "excluded_lines": []}, "LLMBackendManager.is_initialized": {"executed_lines": [], "summary": {"covered_lines": 0, "num_statements": 2, "percent_covered": 0.0, "percent_covered_display": "0", "missing_lines": 2, "excluded_lines": 0, "percent_statements_covered": 0.0, "percent_statements_covered_display": "0"}, "missing_lines": [907, 908], "excluded_lines": []}, "LLMBackendManager.get_message_instance": {"executed_lines": [], "summary": {"covered_lines": 0, "num_statements": 15, "percent_covered": 0.0, "percent_covered_display": "0", "missing_lines": 15, "excluded_lines": 0, "percent_statements_covered": 0.0, "percent_statements_covered_display": "0"}, "missing_lines": [936, 938, 940, 941, 942, 945, 946, 947, 948, 949, 952, 953, 959, 962, 964], "excluded_lines": []}, "get_message_backend_manager": {"executed_lines": [], "summary": {"covered_lines": 0, "num_statements": 1, "percent_covered": 0.0, "percent_covered_display": "0", "missing_lines": 1, "excluded_lines": 0, "percent_statements_covered": 0.0, "percent_statements_covered_display": "0"}, "missing_lines": [996], "excluded_lines": []}, "run_llm_message_prompt": {"executed_lines": [], "summary": {"covered_lines": 0, "num_statements": 4, "percent_covered": 0.0, "percent_covered_display": "0", "missing_lines": 4, "excluded_lines": 0, "percent_statements_covered": 0.0, "percent_statements_covered_display": "0"}, "missing_lines": [1021, 1022, 1023, 1024], "excluded_lines": []}, "get_message_backend_and_model": {"executed_lines": [], "summary": {"covered_lines": 0, "num_statements": 4, "percent_covered": 0.0, "percent_covered_display": "0", "missing_lines": 4, "excluded_lines": 0, "percent_statements_covered": 0.0, "percent_statements_covered_display": "0"}, "missing_lines": [1034, 1035, 1036, 1037], "excluded_lines": []}, "get_llm_backend_manager": {"executed_lines": [], "summary": {"covered_lines": 0, "num_statements": 1, "percent_covered": 0.0, "percent_covered_display": "0", "missing_lines": 1, "excluded_lines": 0, "percent_statements_covered": 0.0, "percent_statements_covered_display": "0"}, "missing_lines": [1069], "excluded_lines": []}, "run_llm_prompt": {"executed_lines": [], "summary": {"covered_lines": 0, "num_statements": 4, "percent_covered": 0.0, "percent_covered_display": "0", "missing_lines": 4, "excluded_lines": 0, "percent_statements_covered": 0.0, "percent_statements_covered_display": "0"}, "missing_lines": [1094, 1095, 1096, 1097], "excluded_lines": []}, "get_llm_backend_and_model": {"executed_lines": [], "summary": {"covered_lines": 0, "num_statements": 4, "percent_covered": 0.0, "percent_covered_display": "0", "missing_lines": 4, "excluded_lines": 0, "percent_statements_covered": 0.0, "percent_statements_covered_display": "0"}, "missing_lines": [1107, 1108, 1109, 1110], "excluded_lines": []}, "get_llm_backend_provider_and_model": {"executed_lines": [], "summary": {"covered_lines": 0, "num_statements": 4, "percent_covered": 0.0, "percent_covered_display": "0", "missing_lines": 4, "excluded_lines": 0, "percent_statements_covered": 0.0, "percent_statements_covered_display": "0"}, "missing_lines": [1121, 1122, 1123, 1124], "excluded_lines": []}, "": {"executed_lines": [1, 6, 8, 9, 10, 11, 12, 13, 15, 16, 17, 18, 19, 20, 21, 22, 24, 27, 28, 29, 30, 33, 46, 47, 57, 113, 114, 128, 147, 162, 165, 181, 193, 212, 241, 266, 322, 334, 382, 383, 479, 531, 532, 581, 599, 612, 684, 692, 699, 708, 720, 734, 763, 764, 809, 810, 811, 812, 814, 815, 880, 881, 899, 900, 910, 911, 970, 1005, 1027, 1043, 1078, 1100, 1113], "summary": {"covered_lines": 70, "num_statements": 70, "percent_covered": 100.0, "percent_covered_display": "100", "missing_lines": 0, "excluded_lines": 0, "percent_statements_covered": 100.0, "percent_statements_covered_display": "100"}, "missing_lines": [], "excluded_lines": []}}, "classes": {"BackendManager": {"executed_lines": [], "summary": {"covered_lines": 0, "num_statements": 312, "percent_covered": 0.0, "percent_covered_display": "0", "missing_lines": 312, "excluded_lines": 9, "percent_statements_covered": 0.0, "percent_statements_covered_display": "0"}, "missing_lines": [66, 68, 69, 70, 72, 74, 75, 76, 77, 78, 81, 83, 86, 88, 90, 91, 92, 93, 94, 96, 97, 100, 105, 108, 110, 111, 126, 135, 136, 137, 138, 139, 140, 155, 156, 157, 163, 166, 167, 168, 170, 171, 172, 173, 174, 175, 176, 177, 179, 182, 183, 185, 186, 187, 188, 189, 190, 191, 203, 205, 206, 208, 209, 210, 228, 229, 230, 231, 232, 234, 235, 237, 238, 239, 253, 254, 255, 257, 258, 260, 261, 262, 263, 264, 282, 285, 286, 289, 290, 293, 294, 297, 298, 299, 300, 301, 304, 305, 307, 308, 314, 315, 318, 319, 320, 332, 352, 353, 354, 357, 358, 359, 362, 363, 364, 365, 368, 369, 371, 372, 375, 376, 377, 379, 385, 388, 390, 391, 392, 394, 396, 397, 398, 402, 404, 405, 407, 408, 410, 413, 414, 417, 418, 421, 423, 424, 432, 434, 435, 443, 444, 445, 446, 447, 448, 450, 451, 452, 453, 455, 456, 457, 459, 462, 463, 464, 465, 466, 467, 468, 469, 470, 471, 472, 473, 475, 476, 477, 497, 498, 499, 501, 502, 503, 504, 505, 506, 507, 509, 511, 512, 513, 514, 515, 516, 518, 520, 521, 522, 523, 524, 525, 526, 527, 528, 539, 541, 543, 544, 547, 549, 550, 551, 553, 556, 559, 560, 561, 562, 563, 565, 566, 567, 568, 569, 570, 572, 573, 576, 577, 578, 579, 585, 588, 589, 590, 592, 593, 594, 595, 596, 597, 607, 608, 610, 636, 638, 639, 640, 641, 642, 643, 644, 645, 646, 647, 648, 649, 650, 653, 654, 655, 656, 657, 658, 661, 662, 663, 665, 666, 667, 668, 669, 670, 671, 672, 673, 674, 675, 677, 678, 681, 685, 686, 687, 688, 689, 690, 693, 694, 695, 696, 697, 701, 702, 703, 704, 705, 706, 717, 718, 731, 732, 748, 749, 750, 751, 754, 755, 757, 758, 760], "excluded_lines": [144, 145, 158, 159, 425, 426, 427, 428, 429]}, "LLMBackendManager": {"executed_lines": [], "summary": {"covered_lines": 0, "num_statements": 41, "percent_covered": 0.0, "percent_covered_display": "0", "missing_lines": 41, "excluded_lines": 0, "percent_statements_covered": 0.0, "percent_statements_covered_display": "0"}, "missing_lines": [844, 846, 848, 849, 850, 853, 854, 855, 856, 857, 860, 861, 867, 873, 876, 878, 890, 891, 892, 893, 894, 895, 896, 897, 907, 908, 936, 938, 940, 941, 942, 945, 946, 947, 948, 949, 952, 953, 959, 962, 964], "excluded_lines": []}, "": {"executed_lines": [1, 6, 8, 9, 10, 11, 12, 13, 15, 16, 17, 18, 19, 20, 21, 22, 24, 27, 28, 29, 30, 33, 46, 47, 57, 113, 114, 128, 147, 162, 165, 181, 193, 212, 241, 266, 322, 334, 382, 383, 479, 531, 532, 581, 599, 612, 684, 692, 699, 708, 720, 734, 763, 764, 809, 810, 811, 812, 814, 815, 880, 881, 899, 900, 910, 911, 970, 1005, 1027, 1043, 1078, 1100, 1113], "summary": {"covered_lines": 70, "num_statements": 92, "percent_covered": 76.08695652173913, "percent_covered_display": "76", "missing_lines": 22, "excluded_lines": 0, "percent_statements_covered": 76.08695652173913, "percent_statements_covered_display": "76"}, "missing_lines": [996, 1021, 1022, 1023, 1024, 1034, 1035, 1036, 1037, 1069, 1094, 1095, 1096, 1097, 1107, 1108, 1109, 1110, 1121, 1122, 1123, 1124], "excluded_lines": []}}}, "src/auto_coder/backend_provider_manager.py": {"executed_lines": [1, 41, 43, 44, 45, 47, 50, 51, 52, 63, 64, 65, 66, 69, 72, 73, 74, 80, 81, 83, 97, 106, 107, 119, 144, 166, 174, 228, 241, 254, 267, 280, 307, 332, 345, 357, 380, 391, 401, 407, 419, 420], "summary": {"covered_lines": 38, "num_statements": 134, "percent_covered": 28.35820895522388, "percent_covered_display": "28", "missing_lines": 96, "excluded_lines": 0, "percent_statements_covered": 28.35820895522388, "percent_statements_covered_display": "28"}, "missing_lines": [92, 93, 94, 95, 103, 127, 128, 129, 131, 134, 135, 139, 142, 151, 153, 155, 156, 158, 159, 160, 161, 164, 171, 172, 186, 187, 189, 191, 193, 194, 195, 198, 199, 201, 203, 204, 205, 206, 209, 210, 213, 215, 222, 224, 225, 226, 238, 239, 251, 252, 264, 265, 277, 278, 290, 291, 292, 295, 296, 297, 300, 301, 302, 303, 304, 305, 317, 318, 319, 322, 323, 324, 325, 327, 328, 330, 342, 343, 355, 370, 371, 372, 374, 375, 376, 378, 388, 389, 398, 399, 405, 413, 414, 416, 417, 427], "excluded_lines": [], "functions": {"BackendProviderMetadata.get_provider": {"executed_lines": [], "summary": {"covered_lines": 0, "num_statements": 4, "percent_covered": 0.0, "percent_covered_display": "0", "missing_lines": 4, "excluded_lines": 0, "percent_statements_covered": 0.0, "percent_statements_covered_display": "0"}, "missing_lines": [92, 93, 94, 95], "excluded_lines": []}, "BackendProviderMetadata.get_provider_names": {"executed_lines": [], "summary": {"covered_lines": 0, "num_statements": 1, "percent_covered": 0.0, "percent_covered_display": "0", "missing_lines": 1, "excluded_lines": 0, "percent_statements_covered": 0.0, "percent_statements_covered_display": "0"}, "missing_lines": [103], "excluded_lines": []}, "BackendProviderManager.__init__": {"executed_lines": [], "summary": {"covered_lines": 0, "num_statements": 8, "percent_covered": 0.0, "percent_covered_display": "0", "missing_lines": 8, "excluded_lines": 0, "percent_statements_covered": 0.0, "percent_statements_covered_display": "0"}, "missing_lines": [127, 128, 129, 131, 134, 135, 139, 142], "excluded_lines": []}, "BackendProviderManager.load_provider_metadata": {"executed_lines": [], "summary": {"covered_lines": 0, "num_statements": 9, "percent_covered": 0.0, "percent_covered_display": "0", "missing_lines": 9, "excluded_lines": 0, "percent_statements_covered": 0.0, "percent_statements_covered_display": "0"}, "missing_lines": [151, 153, 155, 156, 158, 159, 160, 161, 164], "excluded_lines": []}, "BackendProviderManager._ensure_metadata_loaded": {"executed_lines": [], "summary": {"covered_lines": 0, "num_statements": 2, "percent_covered": 0.0, "percent_covered_display": "0", "missing_lines": 2, "excluded_lines": 0, "percent_statements_covered": 0.0, "percent_statements_covered_display": "0"}, "missing_lines": [171, 172], "excluded_lines": []}, "BackendProviderManager.get_backend_providers": {"executed_lines": [], "summary": {"covered_lines": 0, "num_statements": 22, "percent_covered": 0.0, "percent_covered_display": "0", "missing_lines": 22, "excluded_lines": 0, "percent_statements_covered": 0.0, "percent_statements_covered_display": "0"}, "missing_lines": [186, 187, 189, 191, 193, 194, 195, 198, 199, 201, 203, 204, 205, 206, 209, 210, 213, 215, 222, 224, 225, 226], "excluded_lines": []}, "BackendProviderManager.get_all_provider_names": {"executed_lines": [], "summary": {"covered_lines": 0, "num_statements": 2, "percent_covered": 0.0, "percent_covered_display": "0", "missing_lines": 2, "excluded_lines": 0, "percent_statements_covered": 0.0, "percent_statements_covered_display": "0"}, "missing_lines": [238, 239], "excluded_lines": []}, "BackendProviderManager.has_providers": {"executed_lines": [], "summary": {"covered_lines": 0, "num_statements": 2, "percent_covered": 0.0, "percent_covered_display": "0", "missing_lines": 2, "excluded_lines": 0, "percent_statements_covered": 0.0, "percent_statements_covered_display": "0"}, "missing_lines": [251, 252], "excluded_lines": []}, "BackendProviderManager.get_provider_count": {"executed_lines": [], "summary": {"covered_lines": 0, "num_statements": 2, "percent_covered": 0.0, "percent_covered_display": "0", "missing_lines": 2, "excluded_lines": 0, "percent_statements_covered": 0.0, "percent_statements_covered_display": "0"}, "missing_lines": [264, 265], "excluded_lines": []}, "BackendProviderManager.get_current_provider_name": {"executed_lines": [], "summary": {"covered_lines": 0, "num_statements": 2, "percent_covered": 0.0, "percent_covered_display": "0", "missing_lines": 2, "excluded_lines": 0, "percent_statements_covered": 0.0, "percent_statements_covered_display": "0"}, "missing_lines": [277, 278], "excluded_lines": []}, "BackendProviderManager.get_next_provider": {"executed_lines": [], "summary": {"covered_lines": 0, "num_statements": 12, "percent_covered": 0.0, "percent_covered_display": "0", "missing_lines": 12, "excluded_lines": 0, "percent_statements_covered": 0.0, "percent_statements_covered_display": "0"}, "missing_lines": [290, 291, 292, 295, 296, 297, 300, 301, 302, 303, 304, 305], "excluded_lines": []}, "BackendProviderManager.get_current_provider": {"executed_lines": [], "summary": {"covered_lines": 0, "num_statements": 10, "percent_covered": 0.0, "percent_covered_display": "0", "missing_lines": 10, "excluded_lines": 0, "percent_statements_covered": 0.0, "percent_statements_covered_display": "0"}, "missing_lines": [317, 318, 319, 322, 323, 324, 325, 327, 328, 330], "excluded_lines": []}, "BackendProviderManager.advance_to_next_provider": {"executed_lines": [], "summary": {"covered_lines": 0, "num_statements": 2, "percent_covered": 0.0, "percent_covered_display": "0", "missing_lines": 2, "excluded_lines": 0, "percent_statements_covered": 0.0, "percent_statements_covered_display": "0"}, "missing_lines": [342, 343], "excluded_lines": []}, "BackendProviderManager.get_last_used_provider_name": {"executed_lines": [], "summary": {"covered_lines": 0, "num_statements": 1, "percent_covered": 0.0, "percent_covered_display": "0", "missing_lines": 1, "excluded_lines": 0, "percent_statements_covered": 0.0, "percent_statements_covered_display": "0"}, "missing_lines": [355], "excluded_lines": []}, "BackendProviderManager.create_env_context": {"executed_lines": [], "summary": {"covered_lines": 0, "num_statements": 7, "percent_covered": 0.0, "percent_covered_display": "0", "missing_lines": 7, "excluded_lines": 0, "percent_statements_covered": 0.0, "percent_statements_covered_display": "0"}, "missing_lines": [370, 371, 372, 374, 375, 376, 378], "excluded_lines": []}, "BackendProviderManager.mark_provider_used": {"executed_lines": [], "summary": {"covered_lines": 0, "num_statements": 2, "percent_covered": 0.0, "percent_covered_display": "0", "missing_lines": 2, "excluded_lines": 0, "percent_statements_covered": 0.0, "percent_statements_covered_display": "0"}, "missing_lines": [388, 389], "excluded_lines": []}, "BackendProviderManager.reset_provider_rotation": {"executed_lines": [], "summary": {"covered_lines": 0, "num_statements": 2, "percent_covered": 0.0, "percent_covered_display": "0", "missing_lines": 2, "excluded_lines": 0, "percent_statements_covered": 0.0, "percent_statements_covered_display": "0"}, "missing_lines": [398, 399], "excluded_lines": []}, "BackendProviderManager.reset_all_provider_rotations": {"executed_lines": [], "summary": {"covered_lines": 0, "num_statements": 1, "percent_covered": 0.0, "percent_covered_display": "0", "missing_lines": 1, "excluded_lines": 0, "percent_statements_covered": 0.0, "percent_statements_covered_display": "0"}, "missing_lines": [405], "excluded_lines": []}, "BackendProviderManager.clear_cache": {"executed_lines": [], "summary": {"covered_lines": 0, "num_statements": 4, "percent_covered": 0.0, "percent_covered_display": "0", "missing_lines": 4, "excluded_lines": 0, "percent_statements_covered": 0.0, "percent_statements_covered_display": "0"}, "missing_lines": [413, 414, 416, 417], "excluded_lines": []}, "BackendProviderManager.get_default_manager": {"executed_lines": [], "summary": {"covered_lines": 0, "num_statements": 1, "percent_covered": 0.0, "percent_covered_display": "0", "missing_lines": 1, "excluded_lines": 0, "percent_statements_covered": 0.0, "percent_statements_covered_display": "0"}, "missing_lines": [427], "excluded_lines": []}, "": {"executed_lines": [1, 41, 43, 44, 45, 47, 50, 51, 52, 63, 64, 65, 66, 69, 72, 73, 74, 80, 81, 83, 97, 106, 107, 119, 144, 166, 174, 228, 241, 254, 267, 280, 307, 332, 345, 357, 380, 391, 401, 407, 419, 420], "summary": {"covered_lines": 38, "num_statements": 38, "percent_covered": 100.0, "percent_covered_display": "100", "missing_lines": 0, "excluded_lines": 0, "percent_statements_covered": 100.0, "percent_statements_covered_display": "100"}, "missing_lines": [], "excluded_lines": []}}, "classes": {"ProviderMetadata": {"executed_lines": [], "summary": {"covered_lines": 0, "num_statements": 0, "percent_covered": 100.0, "percent_covered_display": "100", "missing_lines": 0, "excluded_lines": 0, "percent_statements_covered": 100.0, "percent_statements_covered_display": "100"}, "missing_lines": [], "excluded_lines": []}, "BackendProviderMetadata": {"executed_lines": [], "summary": {"covered_lines": 0, "num_statements": 5, "percent_covered": 0.0, "percent_covered_display": "0", "missing_lines": 5, "excluded_lines": 0, "percent_statements_covered": 0.0, "percent_statements_covered_display": "0"}, "missing_lines": [92, 93, 94, 95, 103], "excluded_lines": []}, "BackendProviderManager": {"executed_lines": [], "summary": {"covered_lines": 0, "num_statements": 91, "percent_covered": 0.0, "percent_covered_display": "0", "missing_lines": 91, "excluded_lines": 0, "percent_statements_covered": 0.0, "percent_statements_covered_display": "0"}, "missing_lines": [127, 128, 129, 131, 134, 135, 139, 142, 151, 153, 155, 156, 158, 159, 160, 161, 164, 171, 172, 186, 187, 189, 191, 193, 194, 195, 198, 199, 201, 203, 204, 205, 206, 209, 210, 213, 215, 222, 224, 225, 226, 238, 239, 251, 252, 264, 265, 277, 278, 290, 291, 292, 295, 296, 2
[...]
1740, 1741, 1743, 1744, 1747], "excluded_lines": []}, "_extract_error_context": {"executed_lines": [], "summary": {"covered_lines": 0, "num_statements": 36, "percent_covered": 0.0, "percent_covered_display": "0", "missing_lines": 36, "excluded_lines": 0, "percent_statements_covered": 0.0, "percent_statements_covered_display": "0"}, "missing_lines": [1760, 1761, 1763, 1766, 1783, 1784, 1786, 1787, 1790, 1792, 1794, 1795, 1796, 1797, 1798, 1799, 1801, 1802, 1804, 1806, 1807, 1810, 1813, 1814, 1815, 1818, 1820, 1821, 1822, 1823, 1826, 1827, 1830, 1832, 1833, 1835], "excluded_lines": []}, "slice_relevant_error_window": {"executed_lines": [], "summary": {"covered_lines": 0, "num_statements": 19, "percent_covered": 0.0, "percent_covered_display": "0", "missing_lines": 19, "excluded_lines": 0, "percent_statements_covered": 0.0, "percent_statements_covered_display": "0"}, "missing_lines": [1844, 1845, 1846, 1848, 1854, 1856, 1857, 1858, 1859, 1860, 1861, 1862, 1863, 1864, 1866, 1868, 1869, 1870, 1871], "excluded_lines": []}, "_clean_log_line": {"executed_lines": [], "summary": {"covered_lines": 0, "num_statements": 6, "percent_covered": 0.0, "percent_covered_display": "0", "missing_lines": 6, "excluded_lines": 0, "percent_statements_covered": 0.0, "percent_statements_covered_display": "0"}, "missing_lines": [1883, 1886, 1887, 1890, 1891, 1893], "excluded_lines": []}, "check_github_actions_and_exit_if_in_progress": {"executed_lines": [], "summary": {"covered_lines": 0, "num_statements": 23, "percent_covered": 0.0, "percent_covered_display": "0", "missing_lines": 23, "excluded_lines": 0, "percent_statements_covered": 0.0, "percent_statements_covered_display": "0"}, "missing_lines": [1922, 1924, 1925, 1926, 1927, 1930, 1931, 1934, 1935, 1937, 1940, 1942, 1943, 1944, 1946, 1948, 1949, 1952, 1953, 1955, 1957, 1958, 1959], "excluded_lines": []}, "check_and_handle_closed_state": {"executed_lines": [], "summary": {"covered_lines": 0, "num_statements": 26, "percent_covered": 0.0, "percent_covered_display": "0", "missing_lines": 26, "excluded_lines": 0, "percent_statements_covered": 0.0, "percent_statements_covered_display": "0"}, "missing_lines": [1985, 1987, 1988, 1989, 1990, 1991, 1992, 1993, 1994, 1996, 1997, 2000, 2001, 2004, 2006, 2007, 2008, 2009, 2010, 2012, 2014, 2015, 2017, 2019, 2020, 2021], "excluded_lines": []}, "": {"executed_lines": [1, 8, 9, 10, 11, 12, 13, 14, 15, 16, 17, 19, 21, 22, 23, 24, 25, 27, 29, 32, 33, 34, 36, 37, 38, 41, 42, 43, 45, 46, 47, 50, 51, 52, 54, 55, 56, 57, 58, 59, 62, 168, 253, 254, 432, 462, 510, 700, 856, 1289, 1490, 1672, 1750, 1838, 1874, 1896, 1962], "summary": {"covered_lines": 53, "num_statements": 53, "percent_covered": 100.0, "percent_covered_display": "100", "missing_lines": 0, "excluded_lines": 0, "percent_statements_covered": 100.0, "percent_statements_covered_display": "100"}, "missing_lines": [], "excluded_lines": []}}, "classes": {"GitHubActionsCheck": {"executed_lines": [], "summary": {"covered_lines": 0, "num_statements": 0, "percent_covered": 100.0, "percent_covered_display": "100", "missing_lines": 0, "excluded_lines": 0, "percent_statements_covered": 100.0, "percent_statements_covered_display": "100"}, "missing_lines": [], "excluded_lines": []}, "GitHubActionsStatusResult": {"executed_lines": [], "summary": {"covered_lines": 0, "num_statements": 0, "percent_covered": 100.0, "percent_covered_display": "100", "missing_lines": 0, "excluded_lines": 0, "percent_statements_covered": 100.0, "percent_statements_covered_display": "100"}, "missing_lines": [], "excluded_lines": []}, "DetailedChecksResult": {"executed_lines": [], "summary": {"covered_lines": 0, "num_statements": 0, "percent_covered": 100.0, "percent_covered_display": "100", "missing_lines": 0, "excluded_lines": 0, "percent_statements_covered": 100.0, "percent_statements_covered_display": "100"}, "missing_lines": [], "excluded_lines": []}, "": {"executed_lines": [1, 8, 9, 10, 11, 12, 13, 14, 15, 16, 17, 19, 21, 22, 23, 24, 25, 27, 29, 32, 33, 34, 36, 37, 38, 41, 42, 43, 45, 46, 47, 50, 51, 52, 54, 55, 56, 57, 58, 59, 62, 168, 253, 254, 432, 462, 510, 700, 856, 1289, 1490, 1672, 1750, 1838, 1874, 1896, 1962], "summary": {"covered_lines": 53, "num_statements": 995, "percent_covered": 5.326633165829146, "percent_covered_display": "5", "missing_lines": 942, "excluded_lines": 0, "percent_statements_covered": 5.326633165829146, "percent_statements_covered_display": "5"}, "missing_lines": [93, 95, 96, 99, 105, 106, 107, 111, 112, 113, 114, 116, 118, 119, 120, 121, 124, 125, 126, 127, 129, 130, 132, 134, 136, 138, 140, 147, 148, 150, 152, 153, 154, 156, 157, 159, 161, 163, 164, 165, 179, 181, 183, 184, 199, 201, 202, 204, 205, 208, 209, 210, 211, 212, 214, 215, 218, 219, 220, 221, 222, 223, 224, 225, 226, 227, 228, 231, 232, 245, 246, 248, 249, 250, 256, 258, 260, 261, 269, 271, 274, 275, 278, 279, 281, 288, 289, 290, 291, 293, 294, 295, 296, 297, 300, 302, 303, 304, 305, 306, 308, 309, 316, 317, 318, 323, 324, 325, 327, 328, 329, 331, 336, 337, 338, 341, 353, 354, 359, 360, 363, 365, 366, 367, 369, 370, 371, 376, 377, 378, 380, 381, 382, 383, 388, 389, 392, 393, 394, 395, 397, 399, 400, 401, 404, 405, 406, 407, 409, 410, 411, 414, 416, 422, 423, 425, 426, 438, 439, 441, 442, 443, 444, 446, 447, 448, 449, 450, 452, 454, 455, 456, 457, 458, 459, 467, 468, 469, 479, 485, 486, 487, 488, 489, 490, 491, 492, 493, 494, 495, 496, 497, 498, 499, 500, 501, 502, 503, 504, 505, 506, 507, 528, 529, 530, 531, 532, 533, 534, 535, 537, 540, 541, 548, 549, 550, 556, 557, 558, 559, 560, 561, 568, 569, 570, 571, 577, 579, 580, 581, 588, 589, 606, 607, 608, 614, 615, 616, 617, 618, 625, 626, 627, 628, 629, 630, 631, 632, 633, 634, 635, 637, 638, 639, 646, 647, 648, 649, 650, 651, 652, 655, 658, 659, 662, 664, 667, 669, 672, 675, 677, 680, 681, 682, 683, 685, 691, 692, 693, 722, 724, 726, 727, 728, 729, 730, 732, 733, 734, 737, 738, 745, 746, 747, 748, 750, 751, 752, 753, 754, 756, 757, 759, 760, 762, 771, 774, 775, 776, 777, 778, 779, 785, 786, 788, 789, 792, 793, 799, 800, 801, 802, 803, 805, 814, 816, 822, 823, 824, 825, 826, 827, 830, 831, 833, 835, 844, 845, 846, 862, 863, 867, 868, 870, 871, 874, 875, 876, 877, 883, 884, 885, 886, 887, 888, 889, 890, 893, 894, 895, 896, 902, 903, 904, 905, 907, 908, 909, 910, 911, 913, 915, 916, 918, 920, 921, 922, 923, 924, 925, 927, 928, 933, 934, 935, 937, 943, 944, 945, 946, 947, 948, 949, 950, 951, 952, 953, 954, 955, 956, 957, 958, 959, 960, 961, 963, 964, 966, 967, 968, 969, 970, 972, 974, 975, 976, 977, 978, 980, 981, 982, 984, 986, 987, 988, 989, 1000, 1001, 1003, 1004, 1005, 1007, 1008, 1009, 1010, 1011, 1012, 1013, 1015, 1016, 1017, 1018, 1033, 1035, 1036, 1037, 1038, 1039, 1040, 1041, 1051, 1052, 1053, 1054, 1055, 1057, 1058, 1060, 1061, 1062, 1063, 1065, 1066, 1067, 1068, 1069, 1070, 1071, 1072, 1073, 1074, 1076, 1077, 1079, 1080, 1081, 1082, 1084, 1085, 1086, 1088, 1089, 1090, 1093, 1094, 1095, 1096, 1099, 1100, 1101, 1102, 1103, 1104, 1107, 1108, 1109, 1124, 1125, 1127, 1128, 1129, 1130, 1131, 1132, 1133, 1134, 1135, 1136, 1137, 1138, 1140, 1141, 1143, 1144, 1145, 1146, 1147, 1150, 1151, 1152, 1153, 1154, 1155, 1156, 1157, 1158, 1159, 1160, 1161, 1163, 1165, 1166, 1167, 1168, 1169, 1170, 1171, 1172, 1173, 1174, 1175, 1176, 1177, 1179, 1180, 1181, 1182, 1183, 1187, 1188, 1189, 1190, 1191, 1192, 1193, 1194, 1195, 1196, 1197, 1198, 1199, 1201, 1204, 1206, 1207, 1208, 1209, 1210, 1211, 1213, 1214, 1215, 1216, 1217, 1218, 1219, 1220, 1221, 1222, 1223, 1224, 1225, 1226, 1228, 1229, 1230, 1231, 1234, 1235, 1236, 1242, 1244, 1245, 1246, 1247, 1250, 1253, 1255, 1261, 1262, 1263, 1264, 1265, 1266, 1267, 1268, 1269, 1270, 1271, 1272, 1273, 1274, 1276, 1277, 1278, 1279, 1280, 1282, 1284, 1285, 1286, 1320, 1321, 1323, 1326, 1327, 1328, 1329, 1331, 1333, 1335, 1336, 1353, 1354, 1355, 1356, 1357, 1358, 1359, 1360, 1362, 1363, 1364, 1365, 1367, 1369, 1372, 1374, 1375, 1391, 1392, 1409, 1410, 1411, 1413, 1414, 1415, 1416, 1417, 1419, 1420, 1421, 1423, 1426, 1428, 1429, 1430, 1431, 1432, 1433, 1435, 1436, 1438, 1440, 1441, 1446, 1447, 1450, 1451, 1452, 1453, 1456, 1461, 1462, 1465, 1468, 1470, 1472, 1474, 1475, 1476, 1478, 1479, 1480, 1482, 1483, 1485, 1486, 1487, 1517, 1518, 1521, 1522, 1523, 1524, 1525, 1526, 1529, 1530, 1532, 1534, 1537, 1539, 1540, 1541, 1543, 1548, 1549, 1550, 1551, 1552, 1553, 1554, 1555, 1556, 1558, 1560, 1562, 1566, 1567, 1568, 1569, 1571, 1572, 1575, 1576, 1577, 1578, 1581, 1583, 1584, 1585, 1586, 1587, 1588, 1590, 1602, 1603, 1604, 1605, 1607, 1608, 1609, 1610, 1612, 1613, 1614, 1615, 1616, 1617, 1620, 1621, 1622, 1623, 1629, 1630, 1631, 1632, 1633, 1634, 1635, 1636, 1643, 1644, 1647, 1648, 1649, 1650, 1651, 1654, 1655, 1656, 1659, 1660, 1661, 1662, 1663, 1665, 1666, 1667, 1669, 1682, 1684, 1686, 1687, 1689, 1691, 1692, 1693, 1696, 1697, 1700, 1701, 1702, 1703, 1704, 1705, 1706, 1707, 1710, 1712, 1714, 1716, 1717, 1720, 1721, 1722, 1723, 1724, 1725, 1728, 1729, 1732, 1734, 1735, 1737, 1739, 1740, 1741, 1743, 1744, 1747, 1760, 1761, 1763, 1766, 1783, 1784, 1786, 1787, 1790, 1792, 1794, 1795, 1796, 1797, 1798, 1799, 1801, 1802, 1804, 1806, 1807, 1810, 1813, 1814, 1815, 1818, 1820, 1821, 1822, 1823, 1826, 1827, 1830, 1832, 1833, 1835, 1844, 1845, 1846, 1848, 1854, 1856, 1857, 1858, 1859, 1860, 1861, 1862, 1863, 1864, 1866, 1868, 1869, 1870, 1871, 1883, 1886, 1887, 1890, 1891, 1893, 1922, 1924, 1925, 1926, 1927, 1930, 1931, 1934, 1935, 1937, 1940, 1942, 1943, 1944, 1946, 1948, 1949, 1952, 1953, 1955, 1957, 1958, 1959, 1985, 1987, 1988, 1989, 1990, 1991, 1992, 1993, 1994, 1996, 1997, 2000, 2001, 2004, 2006, 2007, 2008, 2009, 2010, 2012, 2014, 2015, 2017, 2019, 2020, 2021], "excluded_lines": []}}}, "src/auto_coder/utils.py": {"executed_lines": [], "summary": {"covered_lines": 0, "num_statements": 264, "percent_covered": 0.0, "percent_covered_display": "0", "missing_lines": 264, "excluded_lines": 2, "percent_statements_covered": 0.0, "percent_statements_covered_display": "0"}, "missing_lines": [5, 6, 7, 8, 9, 10, 11, 12, 13, 14, 16, 17, 19, 22, 25, 42, 50, 51, 53, 56, 57, 58, 60, 62, 63, 65, 66, 69, 72, 93, 94, 96, 97, 98, 99, 100, 103, 104, 106, 107, 108, 109, 110, 113, 120, 121, 122, 123, 126, 127, 128, 130, 141, 142, 143, 144, 147, 148, 149, 151, 152, 153, 154, 155, 158, 159, 160, 162, 163, 164, 166, 167, 168, 169, 179, 180, 181, 182, 183, 184, 186, 187, 190, 191, 194, 195, 196, 197, 200, 204, 216, 225, 227, 228, 235, 236, 237, 238, 241, 242, 243, 244, 246, 247, 249, 250, 253, 254, 255, 258, 260, 261, 264, 265, 266, 267, 271, 273, 274, 275, 277, 278, 291, 301, 302, 304, 305, 306, 308, 309, 310, 311, 312, 313, 315, 317, 318, 319, 320, 321, 322, 323, 324, 326, 328, 329, 330, 331, 333, 334, 336, 339, 340, 343, 346, 347, 348, 349, 350, 351, 352, 353, 354, 355, 356, 358, 359, 361, 362, 363, 364, 365, 366, 367, 368, 369, 370, 371, 374, 375, 376, 377, 378, 379, 380, 381, 382, 383, 384, 385, 386, 387, 388, 389, 390, 391, 392, 394, 395, 396, 397, 398, 401, 402, 413, 415, 416, 418, 419, 420, 422, 428, 429, 431, 434, 435, 436, 437, 438, 440, 441, 442, 444, 452, 453, 454, 456, 458, 460, 461, 462, 468, 469, 470, 473, 481, 482, 484, 485, 487, 488, 489, 491, 492, 494, 496, 498, 499, 500, 501, 503, 504, 506, 507, 508, 510, 513, 515, 516, 517, 519, 520, 522, 523], "excluded_lines": [268, 269], "functions": {"TemporaryEnvironment.__init__": {"executed_lines": [], "summary": {"covered_lines": 0, "num_statements": 2, "percent_covered": 0.0, "percent_covered_display": "0", "missing_lines": 2, "excluded_lines": 0, "percent_statements_covered": 0.0, "percent_statements_covered_display": "0"}, "missing_lines": [50, 51], "excluded_lines": []}, "TemporaryEnvironment.__enter__": {"executed_lines": [], "summary": {"covered_lines": 0, "num_statements": 3, "percent_covered": 0.0, "percent_covered_display": "0", "missing_lines": 3, "excluded_lines": 0, "percent_statements_covered": 0.0, "percent_statements_covered_display": "0"}, "missing_lines": [56, 57, 58], "excluded_lines": []}, "TemporaryEnvironment.__exit__": {"executed_lines": [], "summary": {"covered_lines": 0, "num_statements": 5, "percent_covered": 0.0, "percent_covered_display": "0", "missing_lines": 5, "excluded_lines": 0, "percent_statements_covered": 0.0, "percent_statements_covered_display": "0"}, "missing_lines": [62, 63, 65, 66, 69], "excluded_lines": []}, "is_running_in_container": {"executed_lines": [], "summary": {"covered_lines": 0, "num_statements": 53, "percent_covered": 0.0, "percent_covered_display": "0", "missing_lines": 53, "excluded_lines": 0, "percent_statements_covered": 0.0, "percent_statements_covered_display": "0"}, "missing_lines": [93, 94, 96, 97, 98, 99, 100, 103, 104, 106, 107, 108, 109, 110, 113, 120, 121, 122, 123, 126, 127, 128, 130, 141, 142, 143, 144, 147, 148, 149, 151, 152, 153, 154, 155, 158, 159, 160, 162, 163, 164, 166, 167, 168, 169, 179, 180, 181, 182, 183, 184, 186, 187], "excluded_lines": []}, "CommandExecutor.is_running_in_debugger": {"executed_lines": [], "summary": {"covered_lines": 0, "num_statements": 8, "percent_covered": 0.0, "percent_covered_display": "0", "missing_lines": 8, "excluded_lines": 0, "percent_statements_covered": 0.0, "percent_statements_covered_display": "0"}, "missing_lines": [235, 236, 237, 238, 241, 242, 243, 244], "excluded_lines": []}, "CommandExecutor._should_stream_output": {"executed_lines": [], "summary": {"covered_lines": 0, "num_statements": 6, "percent_covered": 0.0, "percent_covered_display": "0", "missing_lines": 6, "excluded_lines": 0, "percent_statements_covered": 0.0, "percent_statements_covered_display": "0"}, "missing_lines": [249, 250, 253, 254, 255, 258], "excluded_lines": []}, "CommandExecutor._spawn_reader": {"executed_lines": [], "summary": {"covered_lines": 0, "num_statements": 4, "percent_covered": 0.0, "percent_covered_display": "0", "missing_lines": 4, "excluded_lines": 0, "percent_statements_covered": 0.0, "percent_statements_covered_display": "0"}, "missing_lines": [264, 273, 274, 275], "excluded_lines": []}, "CommandExecutor._spawn_reader._reader": {"executed_lines": [], "summary": {"covered_lines": 0, "num_statements": 4, "percent_covered": 0.0, "percent_covered_display": "0", "missing_lines": 4, "excluded_lines": 2, "percent_statements_covered": 0.0, "percent_statements_covered_display": "0"}, "missing_lines": [265, 266, 267, 271], "excluded_lines": [268, 269]}, "CommandExecutor._run_with_streaming": {"executed_lines": [], "summary": {"covered_lines": 0, "num_statements": 80, "percent_covered": 0.0, "percent_covered_display": "0", "missing_lines": 80, "excluded_lines": 0, "percent_statements_covered": 0.0, "percent_statements_covered_display": "0"}, "missing_lines": [291, 301, 302, 304, 305, 306, 308, 309, 310, 311, 312, 313, 315, 317, 318, 319, 320, 321, 322, 323, 324, 326, 328, 329, 330, 331, 333, 334, 336, 339, 340, 343, 346, 347, 348, 349, 350, 351, 352, 353, 354, 355, 356, 358, 359, 361, 362, 363, 364, 365, 366, 367, 368, 369, 370, 371, 374, 375, 376, 377, 378, 379, 380, 381, 382, 383, 384, 385, 386, 387, 388, 389, 390, 391, 392, 394, 395, 396, 397, 398], "excluded_lines": []}, "CommandExecutor.run_command": {"executed_lines": [], "summary": {"covered_lines": 0, "num_statements": 30, "percent_covered": 0.0, "percent_covered_display": "0", "missing_lines": 30, "excluded_lines": 0, "percent_statements_covered": 0.0, "percent_statements_covered_display": "0"}, "missing_lines": [413, 415, 416, 418, 419, 420, 422, 428, 429, 431, 434, 435, 436, 437, 438, 440, 441, 442, 444, 452, 453, 454, 456, 458, 460, 461, 462, 468, 469, 470], "excluded_lines": []}, "change_fraction": {"executed_lines": [], "summary": {"covered_lines": 0, "num_statements": 15, "percent_covered": 0.0, "percent_covered_display": "0", "missing_lines": 15, "excluded_lines": 0, "percent_statements_covered": 0.0, "percent_statements_covered_display": "0"}, "missing_lines": [481, 482, 484, 485, 487, 498, 499, 500, 501, 503, 504, 506, 507, 508, 510], "excluded_lines": []}, "change_fraction.tail_window": {"executed_lines": [], "summary": {"covered_lines": 0, "num_statements": 6, "percent_covered": 0.0, "percent_covered_display": "0", "missing_lines": 6, "excluded_lines": 0, "percent_statements_covered": 0.0, "percent_statements_covered_display": "0"}, "missing_lines": [488, 489, 491, 492, 494, 496], "excluded_lines": []}, "log_action": {"executed_lines": [], "summary": {"covered_lines": 0, "num_statements": 7, "percent_covered": 0.0, "percent_covered_display": "0", "missing_lines": 7, "excluded_lines": 0, "percent_statements_covered": 0.0, "percent_statements_covered_display": "0"}, "missing_lines": [515, 516, 517, 519, 520, 522, 523], "excluded_lines": []}, "": {"executed_lines": [], "summary": {"covered_lines": 0, "num_statements": 41, "percent_covered": 0.0, "percent_covered_display": "0", "missing_lines": 41, "excluded_lines": 0, "percent_statements_covered": 0.0, "percent_statements_covered_display": "0"}, "missing_lines": [5, 6, 7, 8, 9, 10, 11, 12, 13, 14, 16, 17, 19, 22, 25, 42, 53, 60, 72, 190, 191, 194, 195, 196, 197, 200, 204, 216, 225, 227, 228, 246, 247, 260, 261, 277, 278, 401, 402, 473, 513], "excluded_lines": []}}, "classes": {"TemporaryEnvironment": {"executed_lines": [], "summary": {"covered_lines": 0, "num_statements": 10, "percent_covered": 0.0, "percent_covered_display": "0", "missing_lines": 10, "excluded_lines": 0, "percent_statements_covered": 0.0, "percent_statements_covered_display": "0"}, "missing_lines": [50, 51, 56, 57, 58, 62, 63, 65, 66, 69], "excluded_lines": []}, "CommandResult": {"executed_lines": [], "summary": {"covered_lines": 0, "num_statements": 0, "percent_covered": 100.0, "percent_covered_display": "100", "missing_lines": 0, "excluded_lines": 0, "percent_statements_covered": 100.0, "percent_statements_covered_display": "100"}, "missing_lines": [], "excluded_lines": []}, "CommandExecutor": {"executed_lines": [], "summary": {"covered_lines": 0, "num_statements": 132, "percent_covered": 0.0, "percent_covered_display": "0", "missing_lines": 132, "excluded_lines": 2, "percent_statements_covered": 0.0, "percent_statements_covered_display": "0"}, "missing_lines": [235, 236, 237, 238, 241, 242, 243, 244, 249, 250, 253, 254, 255, 258, 264, 265, 266, 267, 271, 273, 274, 275, 291, 301, 302, 304, 305, 306, 308, 309, 310, 311, 312, 313, 315, 317, 318, 319, 320, 321, 322, 323, 324, 326, 328, 329, 330, 331, 333, 334, 336, 339, 340, 343, 346, 347, 348, 349, 350, 351, 352, 353, 354, 355, 356, 358, 359, 361, 362, 363, 364, 365, 366, 367, 368, 369, 370, 371, 374, 375, 376, 377, 378, 379, 380, 381, 382, 383, 384, 385, 386, 387, 388, 389, 390, 391, 392, 394, 395, 396, 397, 398, 413, 415, 416, 418, 419, 420, 422, 428, 429, 431, 434, 435, 436, 437, 438, 440, 441, 442, 444, 452, 453, 454, 456, 458, 460, 461, 462, 468, 469, 470], "excluded_lines": [268, 269]}, "": {"executed_lines": [], "summary": {"covered_lines": 0, "num_statements": 122, "percent_covered": 0.0, "percent_covered_display": "0", "missing_lines": 122, "excluded_lines": 0, "percent_statements_covered": 0.0, "percent_statements_covered_display": "0"}, "missing_lines": [5, 6, 7, 8, 9, 10, 11, 12, 13, 14, 16, 17, 19, 22, 25, 42, 53, 60, 72, 93, 94, 96, 97, 98, 99, 100, 103, 104, 106, 107, 108, 109, 110, 113, 120, 121, 122, 123, 126, 127, 128, 130, 141, 142, 143, 144, 147, 148, 149, 151, 152, 153, 154, 155, 158, 159, 160, 162, 163, 164, 166, 167, 168, 169, 179, 180, 181, 182, 183, 184, 186, 187, 190, 191, 194, 195, 196, 197, 200, 204, 216, 225, 227, 228, 246, 247, 260, 261, 277, 278, 401, 402, 473, 481, 482, 484, 485, 487, 488, 489, 491, 492, 494, 496, 498, 499, 500, 501, 503, 504, 506, 507, 508, 510, 513, 515, 516, 517, 519, 520, 522, 523], "excluded_lines": []}}}}, "totals": {"covered_lines": 274, "num_statements": 13705, "percent_covered": 1.999270339292229, "percent_covered_display": "2", "missing_lines": 13431, "excluded_lines": 60, "percent_statements_covered": 1.999270339292229, "percent_statements_covered_display": "2"}}