============================= test session starts ==============================
platform linux -- Python 3.11.2, pytest-8.4.2, pluggy-1.6.0 -- /workspaces/auto-coder/.venv/bin/python3
cachedir: .pytest_cache
rootdir: /workspaces/auto-coder
configfile: pyproject.toml
plugins: anyio-4.11.0, cov-7.0.0
collecting ... collected 580 items / 1 error

==================================== ERRORS ====================================
__________ ERROR collecting tests/test_git_commit_history_actions.py ___________
ImportError while importing test module '/workspaces/auto-coder/tests/test_git_commit_history_actions.py'.
Hint: make sure your test modules/packages have valid Python names.
Traceback:
.venv/lib/python3.11/site-packages/_pytest/python.py:498: in importtestmodule
    mod = import_path(
.venv/lib/python3.11/site-packages/_pytest/pathlib.py:587: in import_path
    importlib.import_module(module_name)
/usr/lib/python3.11/importlib/__init__.py:126: in import_module
    return _bootstrap._gcd_import(name[level:], package, level)
           ^^^^^^^^^^^^^^^^^^^^^^^^^^^^^^^^^^^^^^^^^^^^^^^^^^^^
<frozen importlib._bootstrap>:1206: in _gcd_import
    ???
<frozen importlib._bootstrap>:1178: in _find_and_load
    ???
<frozen importlib._bootstrap>:1149: in _find_and_load_unlocked
    ???
<frozen importlib._bootstrap>:690: in _load_unlocked
    ???
.venv/lib/python3.11/site-packages/_pytest/assertion/rewrite.py:186: in exec_module
    exec(co, module.__dict__)
tests/test_git_commit_history_actions.py:6: in <module>
    from src.auto_coder.pr_processor import (
E   ImportError: cannot import name '_check_commit_for_github_actions' from 'src.auto_coder.pr_processor' (/workspaces/auto-coder/src/auto_coder/pr_processor.py)
=============================== warnings summary ===============================
tests/test_e2e_pr_checks_no_checks.py:9
  /workspaces/auto-coder/tests/test_e2e_pr_checks_no_checks.py:9: PytestUnknownMarkWarning: Unknown pytest.mark.e2e - is this a typo?  You can register custom marks to avoid this warning - for details, see https://docs.pytest.org/en/stable/how-to/mark.html
    @pytest.mark.e2e

tests/test_e2e_pr_checks_no_checks.py:10
  /workspaces/auto-coder/tests/test_e2e_pr_checks_no_checks.py:10: PytestUnknownMarkWarning: Unknown pytest.mark.headless - is this a typo?  You can register custom marks to avoid this warning - for details, see https://docs.pytest.org/en/stable/how-to/mark.html
    @pytest.mark.headless

src/auto_coder/mcp_servers/test_watcher/test_watcher_tool.py:56
  /workspaces/auto-coder/src/auto_coder/mcp_servers/test_watcher/test_watcher_tool.py:56: PytestCollectionWarning: cannot collect test class 'TestWatcherTool' because it has a __init__ constructor (from: tests/test_mcp_test_watcher.py)
    class TestWatcherTool:

src/auto_coder/test_watcher_integration.py:19
  /workspaces/auto-coder/src/auto_coder/test_watcher_integration.py:19: PytestCollectionWarning: cannot collect test class 'TestWatcherIntegration' because it has a __init__ constructor (from: tests/test_test_watcher_integration.py)
    class TestWatcherIntegration:

-- Docs: https://docs.pytest.org/en/stable/how-to/capture-warnings.html
=========================== short test summary info ============================
ERROR tests/test_git_commit_history_actions.py
!!!!!!!!!!!!!!!!!!!! Interrupted: 1 error during collection !!!!!!!!!!!!!!!!!!!!
========================= 4 warnings, 1 error in 2.59s =========================
